2025-06-25 22:39:31,399 - __main__ - INFO - Setup data and model...
2025-06-25 22:40:25,939 - __main__ - INFO - Model FlashVTG(
  (transformer): Transformer(
    (t2v_encoder): TransformerCATEEncoder(
      (layers): ModuleList(
        (0-5): 6 x T2V_TransformerEncoderLayer(
          (self_attn): MultiheadAttention(
            (out_proj): Linear(in_features=256, out_features=256, bias=True)
          )
          (linear1): Linear(in_features=256, out_features=1024, bias=True)
          (dropout): Dropout(p=0.1, inplace=False)
          (linear2): Linear(in_features=1024, out_features=256, bias=True)
          (norm1): LayerNorm((256,), eps=1e-05, elementwise_affine=True)
          (norm2): LayerNorm((256,), eps=1e-05, elementwise_affine=True)
          (dropout1): DropPath()
          (dropout2): DropPath()
          (activation): PReLU(num_parameters=1)
        )
      )
    )
    (encoder): TransformerEncoder(
      (layers): ModuleList(
        (0-2): 3 x TransformerEncoderLayer(
          (self_attn): MultiheadAttention(
            (out_proj): NonDynamicallyQuantizableLinear(in_features=256, out_features=256, bias=True)
          )
          (linear1): Linear(in_features=256, out_features=1024, bias=True)
          (dropout): Dropout(p=0.1, inplace=False)
          (linear2): Linear(in_features=1024, out_features=256, bias=True)
          (norm1): LayerNorm((256,), eps=1e-05, elementwise_affine=True)
          (norm2): LayerNorm((256,), eps=1e-05, elementwise_affine=True)
          (dropout1): DropPath()
          (dropout2): DropPath()
          (activation): PReLU(num_parameters=1)
        )
      )
    )
  )
  (position_embed): PositionEmbeddingSine()
  (txt_position_embed): TrainablePositionalEncoding(
    (position_embeddings): Embedding(100, 256)
    (LayerNorm): LayerNorm((256,), eps=1e-05, elementwise_affine=True)
    (dropout): Dropout(p=0.5, inplace=False)
  )
  (saliency_proj1): Linear(in_features=256, out_features=256, bias=True)
  (saliency_proj2): Linear(in_features=256, out_features=256, bias=True)
  (PositionEmbeddingSine): PositionEmbeddingSine()
  (input_txt_proj): Sequential(
    (0): LinearLayer(
      (LayerNorm): LayerNorm((300,), eps=1e-05, elementwise_affine=True)
      (net): Sequential(
        (0): Dropout(p=0.5, inplace=False)
        (1): Linear(in_features=300, out_features=256, bias=True)
      )
    )
    (1): LinearLayer(
      (LayerNorm): LayerNorm((256,), eps=1e-05, elementwise_affine=True)
      (net): Sequential(
        (0): Dropout(p=0.5, inplace=False)
        (1): Linear(in_features=256, out_features=256, bias=True)
      )
    )
  )
  (input_vid_proj): Sequential(
    (0): LinearLayer(
      (LayerNorm): LayerNorm((4098,), eps=1e-05, elementwise_affine=True)
      (net): Sequential(
        (0): Dropout(p=0.5, inplace=False)
        (1): Linear(in_features=4098, out_features=256, bias=True)
      )
    )
    (1): LinearLayer(
      (LayerNorm): LayerNorm((256,), eps=1e-05, elementwise_affine=True)
      (net): Sequential(
        (0): Dropout(p=0.5, inplace=False)
        (1): Linear(in_features=256, out_features=256, bias=True)
      )
    )
  )
  (token_type_embeddings): Embedding(2, 256)
  (txtproj_encoder): TransformerEncoder(
    (layers): ModuleList(
      (0-1): 2 x TransformerEncoderLayer(
        (self_attn): MultiheadAttention(
          (out_proj): NonDynamicallyQuantizableLinear(in_features=256, out_features=256, bias=True)
        )
        (linear1): Linear(in_features=256, out_features=1024, bias=True)
        (dropout): Dropout(p=0.1, inplace=False)
        (linear2): Linear(in_features=1024, out_features=256, bias=True)
        (norm1): LayerNorm((256,), eps=1e-05, elementwise_affine=True)
        (norm2): LayerNorm((256,), eps=1e-05, elementwise_affine=True)
        (dropout1): DropPath()
        (dropout2): DropPath()
        (activation): PReLU(num_parameters=1)
      )
    )
  )
  (pyramid): ConvPyramid(
    (blocks): ModuleList(
      (0): ReLU(inplace=True)
      (1): Sequential(
        (0): Permute()
        (1): Conv1d(256, 256, kernel_size=(2,), stride=(2,))
        (2): Permute()
        (3): LayerNorm((256,), eps=1e-05, elementwise_affine=True)
        (4): ReLU(inplace=True)
      )
      (2): Sequential(
        (0): Permute()
        (1): Conv1d(256, 256, kernel_size=(2,), stride=(2,))
        (2): Permute()
        (3): LayerNorm((256,), eps=1e-05, elementwise_affine=True)
        (4): ReLU(inplace=True)
        (5): Permute()
        (6): Conv1d(256, 256, kernel_size=(2,), stride=(2,))
        (7): Permute()
        (8): LayerNorm((256,), eps=1e-05, elementwise_affine=True)
        (9): ReLU(inplace=True)
      )
      (3): Sequential(
        (0): Permute()
        (1): Conv1d(256, 256, kernel_size=(2,), stride=(2,))
        (2): Permute()
        (3): LayerNorm((256,), eps=1e-05, elementwise_affine=True)
        (4): ReLU(inplace=True)
        (5): Permute()
        (6): Conv1d(256, 256, kernel_size=(2,), stride=(2,))
        (7): Permute()
        (8): LayerNorm((256,), eps=1e-05, elementwise_affine=True)
        (9): ReLU(inplace=True)
        (10): Permute()
        (11): Conv1d(256, 256, kernel_size=(2,), stride=(2,))
        (12): Permute()
        (13): LayerNorm((256,), eps=1e-05, elementwise_affine=True)
        (14): ReLU(inplace=True)
      )
    )
  )
  (pooling): AdaPooling(
    (att): Linear(in_features=256, out_features=1, bias=False)
  )
  (conf_head): ConfidenceScorer(
    (convs): ModuleList(
      (0-1): 2 x Conv2d(256, 256, kernel_size=(1, 3), stride=(1, 1), padding=(0, 1))
    )
    (activations): ModuleList(
      (0-1): 2 x ReLU()
    )
    (fc): MLP(
      (layers): ModuleList(
        (0): Linear(in_features=256, out_features=128, bias=True)
        (1-3): 3 x Linear(in_features=128, out_features=128, bias=True)
        (4): Linear(in_features=128, out_features=1, bias=True)
      )
    )
  )
  (class_head): ConfidenceScorer(
    (convs): ModuleList(
      (0-1): 2 x Conv2d(256, 256, kernel_size=(1, 3), stride=(1, 1), padding=(0, 1))
    )
    (activations): ModuleList(
      (0-1): 2 x ReLU()
    )
    (fc): MLP(
      (layers): ModuleList(
        (0): Linear(in_features=256, out_features=128, bias=True)
        (1-3): 3 x Linear(in_features=128, out_features=128, bias=True)
        (4): Linear(in_features=128, out_features=1, bias=True)
      )
    )
  )
  (coord_head): ConvHead(
    (module): Sequential(
      (0): Permute()
      (1): Conv1d(256, 256, kernel_size=(3,), stride=(1,), padding=(1,))
      (2): ReLU(inplace=True)
      (3): Conv1d(256, 2, kernel_size=(3,), stride=(1,), padding=(1,))
      (4): Permute()
    )
  )
  (generator): PointGenerator(
    (buffer): BufferList()
  )
  (event_proj): Linear(in_features=256, out_features=256, bias=True)
  (query_proj): Linear(in_features=256, out_features=256, bias=True)
  (saliency_attn): MultiheadAttention(
    (out_proj): NonDynamicallyQuantizableLinear(in_features=256, out_features=256, bias=True)
  )
  (saliency_norm): LayerNorm((256,), eps=1e-05, elementwise_affine=True)
  (saliency_dropout): Dropout(p=0.1, inplace=False)
  (refine_conv_net): Sequential(
    (0): Conv1d(258, 256, kernel_size=(3,), stride=(1,), padding=(1,))
    (1): BatchNorm1d(256, eps=1e-05, momentum=0.1, affine=True, track_running_stats=True)
    (2): ReLU(inplace=True)
    (3): Conv1d(256, 256, kernel_size=(3,), stride=(1,), padding=(1,))
    (4): BatchNorm1d(256, eps=1e-05, momentum=0.1, affine=True, track_running_stats=True)
    (5): ReLU(inplace=True)
    (6): Conv1d(256, 2, kernel_size=(1,), stride=(1,))
  )
  (confidence_predictor): Sequential(
    (0): Linear(in_features=256, out_features=256, bias=True)
    (1): ReLU(inplace=True)
    (2): Linear(in_features=256, out_features=1, bias=True)
    (3): Sigmoid()
  )
  (input_sematic_txt_proj): Sequential(
    (0): LinearLayer(
      (LayerNorm): LayerNorm((300,), eps=1e-05, elementwise_affine=True)
      (net): Sequential(
        (0): Dropout(p=0.5, inplace=False)
        (1): Linear(in_features=300, out_features=256, bias=True)
      )
    )
    (1): LinearLayer(
      (LayerNorm): LayerNorm((256,), eps=1e-05, elementwise_affine=True)
      (net): Sequential(
        (0): Dropout(p=0.5, inplace=False)
        (1): Linear(in_features=256, out_features=256, bias=True)
      )
    )
    (2): LinearLayer(
      (LayerNorm): LayerNorm((256,), eps=1e-05, elementwise_affine=True)
      (net): Sequential(
        (0): Dropout(p=0.5, inplace=False)
        (1): Linear(in_features=256, out_features=256, bias=True)
      )
    )
    (3): LinearLayer(
      (LayerNorm): LayerNorm((256,), eps=1e-05, elementwise_affine=True)
      (net): Sequential(
        (0): Dropout(p=0.5, inplace=False)
        (1): Linear(in_features=256, out_features=256, bias=True)
      )
    )
    (4): LinearLayer(
      (LayerNorm): LayerNorm((256,), eps=1e-05, elementwise_affine=True)
      (net): Sequential(
        (0): Dropout(p=0.5, inplace=False)
        (1): Linear(in_features=256, out_features=256, bias=True)
      )
    )
  )
  (input_src_txt_proj): Sequential(
    (0): LinearLayer(
      (LayerNorm): LayerNorm((256,), eps=1e-05, elementwise_affine=True)
      (net): Sequential(
        (0): Dropout(p=0.5, inplace=False)
        (1): Linear(in_features=256, out_features=256, bias=True)
      )
    )
    (1): LinearLayer(
      (LayerNorm): LayerNorm((256,), eps=1e-05, elementwise_affine=True)
      (net): Sequential(
        (0): Dropout(p=0.5, inplace=False)
        (1): Linear(in_features=256, out_features=256, bias=True)
      )
    )
  )
  (gate_proj): Linear(in_features=512, out_features=256, bias=True)
)
2025-06-25 22:40:25,940 - __main__ - INFO - Learnable Parameters:
2025-06-25 22:40:25,941 - __main__ - INFO - Learnable Parameters: 11.785M (100.0%)
2025-06-25 22:40:25,941 - __main__ - INFO - Start Training...
2025-06-25 22:40:25,941 - __main__ - INFO - CUDA enabled.
2025-06-25 22:40:25,955 - __main__ - INFO - [Epoch 43]
2025-06-25 22:51:21,415 - __main__ - INFO - 2025_06_25_22_51_21 [Epoch] 043 [Loss] loss_reg 0.8259 loss_cls 0.0051 loss_sal 6.4581 loss_saliency 2.9929 loss_label 0.1047 loss_l1 4.9078 loss_giou 0.5431 weighted_loss_overall 4.3548

2025-06-25 22:54:43,872 - __main__ - INFO - metrics_no_nms OrderedDict([   ('MR-full-R1@0.3', 66.72),
                ('MR-full-R1@0.5', 55.65),
                ('MR-full-R1@0.7', 38.49),
                ('MR-full-mAP', 39.98),
                ('MR-full-mAP@0.5', 63.96),
                ('MR-full-mAP@0.75', 40.73),
                ('MR-full-mIoU', 48.77),
                ('MR-long-mAP', 0.0),
                ('MR-middle-mAP', 37.5),
                ('MR-short-mAP', 40.65)])
2025-06-25 22:54:43,873 - __main__ - INFO - metrics_nms OrderedDict([   ('MR-full-R1@0.3', 67.28),
                ('MR-full-R1@0.5', 56.24),
                ('MR-full-R1@0.7', 38.84),
                ('MR-full-mAP', 41.77),
                ('MR-full-mAP@0.5', 69.0),
                ('MR-full-mAP@0.75', 42.88),
                ('MR-full-mIoU', 49.15),
                ('MR-long-mAP', 0.0),
                ('MR-middle-mAP', 39.27),
                ('MR-short-mAP', 42.44)])
2025-06-25 22:54:44,275 - __main__ - INFO - The checkpoint file has been updated.
2025-06-25 22:54:44,670 - __main__ - INFO - [Epoch 44]
2025-06-25 23:05:14,120 - __main__ - INFO - 2025_06_25_23_05_14 [Epoch] 044 [Loss] loss_reg 0.8275 loss_cls 0.0051 loss_sal 6.4488 loss_saliency 2.9849 loss_label 0.1041 loss_l1 4.8391 loss_giou 0.5411 weighted_loss_overall 4.3410

2025-06-25 23:08:36,514 - __main__ - INFO - metrics_no_nms OrderedDict([   ('MR-full-R1@0.3', 67.1),
                ('MR-full-R1@0.5', 56.05),
                ('MR-full-R1@0.7', 38.87),
                ('MR-full-mAP', 40.29),
                ('MR-full-mAP@0.5', 63.99),
                ('MR-full-mAP@0.75', 40.65),
                ('MR-full-mIoU', 49.12),
                ('MR-long-mAP', 0.0),
                ('MR-middle-mAP', 39.02),
                ('MR-short-mAP', 40.64)])
2025-06-25 23:08:36,514 - __main__ - INFO - metrics_nms OrderedDict([   ('MR-full-R1@0.3', 67.04),
                ('MR-full-R1@0.5', 56.02),
                ('MR-full-R1@0.7', 38.82),
                ('MR-full-mAP', 42.1),
                ('MR-full-mAP@0.5', 68.98),
                ('MR-full-mAP@0.75', 42.62),
                ('MR-full-mIoU', 49.1),
                ('MR-long-mAP', 0.0),
                ('MR-middle-mAP', 40.9),
                ('MR-short-mAP', 42.42)])
2025-06-25 23:08:36,962 - __main__ - INFO - The checkpoint file has been updated.
2025-06-25 23:08:37,360 - __main__ - INFO - [Epoch 45]
2025-06-25 23:19:17,215 - __main__ - INFO - 2025_06_25_23_19_17 [Epoch] 045 [Loss] loss_reg 0.8207 loss_cls 0.0051 loss_sal 6.4390 loss_saliency 2.9846 loss_label 0.1039 loss_l1 4.8332 loss_giou 0.5365 weighted_loss_overall 4.3286

2025-06-25 23:22:39,259 - __main__ - INFO - metrics_no_nms OrderedDict([   ('MR-full-R1@0.3', 66.88),
                ('MR-full-R1@0.5', 55.94),
                ('MR-full-R1@0.7', 38.36),
                ('MR-full-mAP', 39.94),
                ('MR-full-mAP@0.5', 64.05),
                ('MR-full-mAP@0.75', 40.55),
                ('MR-full-mIoU', 48.89),
                ('MR-long-mAP', 0.0),
                ('MR-middle-mAP', 37.61),
                ('MR-short-mAP', 40.57)])
2025-06-25 23:22:39,259 - __main__ - INFO - metrics_nms OrderedDict([   ('MR-full-R1@0.3', 66.94),
                ('MR-full-R1@0.5', 56.24),
                ('MR-full-R1@0.7', 38.39),
                ('MR-full-mAP', 41.85),
                ('MR-full-mAP@0.5', 69.02),
                ('MR-full-mAP@0.75', 42.6),
                ('MR-full-mIoU', 48.96),
                ('MR-long-mAP', 0.0),
                ('MR-middle-mAP', 39.56),
                ('MR-short-mAP', 42.46)])
2025-06-25 23:22:39,697 - __main__ - INFO - [Epoch 46]
2025-06-25 23:33:19,530 - __main__ - INFO - 2025_06_25_23_33_19 [Epoch] 046 [Loss] loss_reg 0.8174 loss_cls 0.0051 loss_sal 6.4263 loss_saliency 2.9846 loss_label 0.1036 loss_l1 4.7507 loss_giou 0.5332 weighted_loss_overall 4.3134

2025-06-25 23:36:42,392 - __main__ - INFO - metrics_no_nms OrderedDict([   ('MR-full-R1@0.3', 67.1),
                ('MR-full-R1@0.5', 56.05),
                ('MR-full-R1@0.7', 38.74),
                ('MR-full-mAP', 40.23),
                ('MR-full-mAP@0.5', 63.99),
                ('MR-full-mAP@0.75', 41.15),
                ('MR-full-mIoU', 49.18),
                ('MR-long-mAP', 0.0),
                ('MR-middle-mAP', 39.02),
                ('MR-short-mAP', 40.56)])
2025-06-25 23:36:42,392 - __main__ - INFO - metrics_nms OrderedDict([   ('MR-full-R1@0.3', 66.85),
                ('MR-full-R1@0.5', 56.13),
                ('MR-full-R1@0.7', 38.87),
                ('MR-full-mAP', 42.04),
                ('MR-full-mAP@0.5', 69.17),
                ('MR-full-mAP@0.75', 43.27),
                ('MR-full-mIoU', 49.14),
                ('MR-long-mAP', 0.0),
                ('MR-middle-mAP', 40.75),
                ('MR-short-mAP', 42.39)])
2025-06-25 23:36:42,842 - __main__ - INFO - [Epoch 47]
2025-06-25 23:47:24,622 - __main__ - INFO - 2025_06_25_23_47_24 [Epoch] 047 [Loss] loss_reg 0.8182 loss_cls 0.0051 loss_sal 6.4308 loss_saliency 2.9808 loss_label 0.1032 loss_l1 4.7886 loss_giou 0.5341 weighted_loss_overall 4.3160

2025-06-25 23:50:47,713 - __main__ - INFO - metrics_no_nms OrderedDict([   ('MR-full-R1@0.3', 67.34),
                ('MR-full-R1@0.5', 56.24),
                ('MR-full-R1@0.7', 39.52),
                ('MR-full-mAP', 40.29),
                ('MR-full-mAP@0.5', 63.9),
                ('MR-full-mAP@0.75', 41.21),
                ('MR-full-mIoU', 49.43),
                ('MR-long-mAP', 0.0),
                ('MR-middle-mAP', 39.25),
                ('MR-short-mAP', 40.57)])
2025-06-25 23:50:47,713 - __main__ - INFO - metrics_nms OrderedDict([   ('MR-full-R1@0.3', 67.39),
                ('MR-full-R1@0.5', 56.29),
                ('MR-full-R1@0.7', 39.7),
                ('MR-full-mAP', 42.14),
                ('MR-full-mAP@0.5', 68.89),
                ('MR-full-mAP@0.75', 43.35),
                ('MR-full-mIoU', 49.52),
                ('MR-long-mAP', 0.0),
                ('MR-middle-mAP', 40.93),
                ('MR-short-mAP', 42.47)])
2025-06-25 23:50:48,164 - __main__ - INFO - The checkpoint file has been updated.
2025-06-25 23:50:48,574 - __main__ - INFO - [Epoch 48]
2025-06-26 00:01:28,270 - __main__ - INFO - 2025_06_26_00_01_28 [Epoch] 048 [Loss] loss_reg 0.8143 loss_cls 0.0051 loss_sal 6.4357 loss_saliency 2.9854 loss_label 0.1038 loss_l1 4.7542 loss_giou 0.5333 weighted_loss_overall 4.3115

2025-06-26 00:04:51,606 - __main__ - INFO - metrics_no_nms OrderedDict([   ('MR-full-R1@0.3', 67.5),
                ('MR-full-R1@0.5', 56.16),
                ('MR-full-R1@0.7', 39.19),
                ('MR-full-mAP', 40.54),
                ('MR-full-mAP@0.5', 64.41),
                ('MR-full-mAP@0.75', 41.37),
                ('MR-full-mIoU', 49.35),
                ('MR-long-mAP', 0.0),
                ('MR-middle-mAP', 39.24),
                ('MR-short-mAP', 40.89)])
2025-06-26 00:04:51,606 - __main__ - INFO - metrics_nms OrderedDict([   ('MR-full-R1@0.3', 67.82),
                ('MR-full-R1@0.5', 56.83),
                ('MR-full-R1@0.7', 39.65),
                ('MR-full-mAP', 42.4),
                ('MR-full-mAP@0.5', 69.46),
                ('MR-full-mAP@0.75', 43.7),
                ('MR-full-mIoU', 49.74),
                ('MR-long-mAP', 0.0),
                ('MR-middle-mAP', 40.92),
                ('MR-short-mAP', 42.79)])
2025-06-26 00:04:51,989 - __main__ - INFO - [Epoch 49]
2025-06-26 00:15:37,451 - __main__ - INFO - 2025_06_26_00_15_37 [Epoch] 049 [Loss] loss_reg 0.8125 loss_cls 0.0051 loss_sal 6.4303 loss_saliency 2.9815 loss_label 0.1031 loss_l1 4.7057 loss_giou 0.5283 weighted_loss_overall 4.2965

2025-06-26 00:19:01,165 - __main__ - INFO - metrics_no_nms OrderedDict([   ('MR-full-R1@0.3', 67.53),
                ('MR-full-R1@0.5', 56.59),
                ('MR-full-R1@0.7', 38.92),
                ('MR-full-mAP', 40.43),
                ('MR-full-mAP@0.5', 64.34),
                ('MR-full-mAP@0.75', 41.15),
                ('MR-full-mIoU', 49.48),
                ('MR-long-mAP', 0.0),
                ('MR-middle-mAP', 39.12),
                ('MR-short-mAP', 40.78)])
2025-06-26 00:19:01,165 - __main__ - INFO - metrics_nms OrderedDict([   ('MR-full-R1@0.3', 67.45),
                ('MR-full-R1@0.5', 56.64),
                ('MR-full-R1@0.7', 39.03),
                ('MR-full-mAP', 42.23),
                ('MR-full-mAP@0.5', 69.2),
                ('MR-full-mAP@0.75', 43.26),
                ('MR-full-mIoU', 49.52),
                ('MR-long-mAP', 0.0),
                ('MR-middle-mAP', 40.73),
                ('MR-short-mAP', 42.63)])
2025-06-26 00:19:01,591 - __main__ - INFO - [Epoch 50]
2025-06-26 00:29:44,307 - __main__ - INFO - 2025_06_26_00_29_44 [Epoch] 050 [Loss] loss_reg 0.8124 loss_cls 0.0051 loss_sal 6.4234 loss_saliency 2.9848 loss_label 0.1035 loss_l1 4.7345 loss_giou 0.5292 weighted_loss_overall 4.3028

2025-06-26 00:33:08,570 - __main__ - INFO - metrics_no_nms OrderedDict([   ('MR-full-R1@0.3', 66.85),
                ('MR-full-R1@0.5', 56.16),
                ('MR-full-R1@0.7', 38.74),
                ('MR-full-mAP', 40.24),
                ('MR-full-mAP@0.5', 64.32),
                ('MR-full-mAP@0.75', 41.33),
                ('MR-full-mIoU', 49.02),
                ('MR-long-mAP', 0.0),
                ('MR-middle-mAP', 36.42),
                ('MR-short-mAP', 41.27)])
2025-06-26 00:33:08,570 - __main__ - INFO - metrics_nms OrderedDict([   ('MR-full-R1@0.3', 67.02),
                ('MR-full-R1@0.5', 56.51),
                ('MR-full-R1@0.7', 38.79),
                ('MR-full-mAP', 42.08),
                ('MR-full-mAP@0.5', 69.35),
                ('MR-full-mAP@0.75', 43.59),
                ('MR-full-mIoU', 49.17),
                ('MR-long-mAP', 0.0),
                ('MR-middle-mAP', 38.08),
                ('MR-short-mAP', 43.15)])
2025-06-26 00:33:09,007 - __main__ - INFO - [Epoch 51]
2025-06-26 00:43:52,439 - __main__ - INFO - 2025_06_26_00_43_52 [Epoch] 051 [Loss] loss_reg 0.8079 loss_cls 0.0051 loss_sal 6.4221 loss_saliency 2.9832 loss_label 0.1034 loss_l1 4.7368 loss_giou 0.5321 weighted_loss_overall 4.3001

2025-06-26 00:47:16,291 - __main__ - INFO - metrics_no_nms OrderedDict([   ('MR-full-R1@0.3', 67.12),
                ('MR-full-R1@0.5', 56.24),
                ('MR-full-R1@0.7', 39.19),
                ('MR-full-mAP', 40.45),
                ('MR-full-mAP@0.5', 64.05),
                ('MR-full-mAP@0.75', 41.16),
                ('MR-full-mIoU', 49.4),
                ('MR-long-mAP', 0.0),
                ('MR-middle-mAP', 38.41),
                ('MR-short-mAP', 41.0)])
2025-06-26 00:47:16,292 - __main__ - INFO - metrics_nms OrderedDict([   ('MR-full-R1@0.3', 66.94),
                ('MR-full-R1@0.5', 56.02),
                ('MR-full-R1@0.7', 39.22),
                ('MR-full-mAP', 42.19),
                ('MR-full-mAP@0.5', 68.96),
                ('MR-full-mAP@0.75', 43.11),
                ('MR-full-mIoU', 49.36),
                ('MR-long-mAP', 0.0),
                ('MR-middle-mAP', 40.07),
                ('MR-short-mAP', 42.76)])
2025-06-26 00:47:16,711 - __main__ - INFO - [Epoch 52]
2025-06-26 00:58:01,777 - __main__ - INFO - 2025_06_26_00_58_01 [Epoch] 052 [Loss] loss_reg 0.8074 loss_cls 0.0051 loss_sal 6.4268 loss_saliency 2.9769 loss_label 0.1030 loss_l1 4.6721 loss_giou 0.5269 weighted_loss_overall 4.2829

2025-06-26 01:01:25,161 - __main__ - INFO - metrics_no_nms OrderedDict([   ('MR-full-R1@0.3', 66.69),
                ('MR-full-R1@0.5', 55.48),
                ('MR-full-R1@0.7', 38.41),
                ('MR-full-mAP', 39.8),
                ('MR-full-mAP@0.5', 63.63),
                ('MR-full-mAP@0.75', 40.62),
                ('MR-full-mIoU', 48.6),
                ('MR-long-mAP', 0.0),
                ('MR-middle-mAP', 35.39),
                ('MR-short-mAP', 40.98)])
2025-06-26 01:01:25,161 - __main__ - INFO - metrics_nms OrderedDict([   ('MR-full-R1@0.3', 66.72),
                ('MR-full-R1@0.5', 55.54),
                ('MR-full-R1@0.7', 38.49),
                ('MR-full-mAP', 41.73),
                ('MR-full-mAP@0.5', 68.89),
                ('MR-full-mAP@0.75', 42.78),
                ('MR-full-mIoU', 48.67),
                ('MR-long-mAP', 0.0),
                ('MR-middle-mAP', 37.13),
                ('MR-short-mAP', 42.97)])
2025-06-26 01:01:25,588 - __main__ - INFO - [Epoch 53]
2025-06-26 01:12:12,226 - __main__ - INFO - 2025_06_26_01_12_12 [Epoch] 053 [Loss] loss_reg 0.8063 loss_cls 0.0050 loss_sal 6.4143 loss_saliency 2.9718 loss_label 0.1021 loss_l1 4.6506 loss_giou 0.5250 weighted_loss_overall 4.2734

2025-06-26 01:15:34,881 - __main__ - INFO - metrics_no_nms OrderedDict([   ('MR-full-R1@0.3', 66.45),
                ('MR-full-R1@0.5', 55.51),
                ('MR-full-R1@0.7', 38.23),
                ('MR-full-mAP', 40.06),
                ('MR-full-mAP@0.5', 64.07),
                ('MR-full-mAP@0.75', 41.06),
                ('MR-full-mIoU', 48.65),
                ('MR-long-mAP', 0.0),
                ('MR-middle-mAP', 37.98),
                ('MR-short-mAP', 40.62)])
2025-06-26 01:15:34,881 - __main__ - INFO - metrics_nms OrderedDict([   ('MR-full-R1@0.3', 67.15),
                ('MR-full-R1@0.5', 56.24),
                ('MR-full-R1@0.7', 38.79),
                ('MR-full-mAP', 41.79),
                ('MR-full-mAP@0.5', 69.18),
                ('MR-full-mAP@0.75', 43.17),
                ('MR-full-mIoU', 49.18),
                ('MR-long-mAP', 0.0),
                ('MR-middle-mAP', 39.48),
                ('MR-short-mAP', 42.42)])
2025-06-26 01:15:35,310 - __main__ - INFO - [Epoch 54]
2025-06-26 01:26:20,069 - __main__ - INFO - 2025_06_26_01_26_20 [Epoch] 054 [Loss] loss_reg 0.8026 loss_cls 0.0051 loss_sal 6.4284 loss_saliency 2.9822 loss_label 0.1032 loss_l1 4.6757 loss_giou 0.5246 weighted_loss_overall 4.2803

2025-06-26 01:29:41,939 - __main__ - INFO - metrics_no_nms OrderedDict([   ('MR-full-R1@0.3', 66.96),
                ('MR-full-R1@0.5', 56.24),
                ('MR-full-R1@0.7', 38.79),
                ('MR-full-mAP', 40.59),
                ('MR-full-mAP@0.5', 64.26),
                ('MR-full-mAP@0.75', 41.36),
                ('MR-full-mIoU', 49.25),
                ('MR-long-mAP', 0.0),
                ('MR-middle-mAP', 40.37),
                ('MR-short-mAP', 40.64)])
2025-06-26 01:29:41,939 - __main__ - INFO - metrics_nms OrderedDict([   ('MR-full-R1@0.3', 67.23),
                ('MR-full-R1@0.5', 56.42),
                ('MR-full-R1@0.7', 38.87),
                ('MR-full-mAP', 42.38),
                ('MR-full-mAP@0.5', 69.26),
                ('MR-full-mAP@0.75', 43.58),
                ('MR-full-mIoU', 49.45),
                ('MR-long-mAP', 0.0),
                ('MR-middle-mAP', 42.01),
                ('MR-short-mAP', 42.48)])
2025-06-26 01:29:42,378 - __main__ - INFO - [Epoch 55]
2025-06-26 01:40:29,466 - __main__ - INFO - 2025_06_26_01_40_29 [Epoch] 055 [Loss] loss_reg 0.7991 loss_cls 0.0051 loss_sal 6.4156 loss_saliency 2.9821 loss_label 0.1031 loss_l1 4.7186 loss_giou 0.5291 weighted_loss_overall 4.2854

2025-06-26 01:43:51,880 - __main__ - INFO - metrics_no_nms OrderedDict([   ('MR-full-R1@0.3', 67.02),
                ('MR-full-R1@0.5', 55.78),
                ('MR-full-R1@0.7', 38.66),
                ('MR-full-mAP', 40.16),
                ('MR-full-mAP@0.5', 64.12),
                ('MR-full-mAP@0.75', 40.55),
                ('MR-full-mIoU', 48.96),
                ('MR-long-mAP', 0.0),
                ('MR-middle-mAP', 39.92),
                ('MR-short-mAP', 40.23)])
2025-06-26 01:43:51,880 - __main__ - INFO - metrics_nms OrderedDict([   ('MR-full-R1@0.3', 67.26),
                ('MR-full-R1@0.5', 56.16),
                ('MR-full-R1@0.7', 38.9),
                ('MR-full-mAP', 41.87),
                ('MR-full-mAP@0.5', 68.85),
                ('MR-full-mAP@0.75', 42.4),
                ('MR-full-mIoU', 49.18),
                ('MR-long-mAP', 0.0),
                ('MR-middle-mAP', 41.58),
                ('MR-short-mAP', 41.95)])
2025-06-26 01:43:52,320 - __main__ - INFO - [Epoch 56]
2025-06-26 01:54:39,399 - __main__ - INFO - 2025_06_26_01_54_39 [Epoch] 056 [Loss] loss_reg 0.7962 loss_cls 0.0050 loss_sal 6.4119 loss_saliency 2.9757 loss_label 0.1022 loss_l1 4.6272 loss_giou 0.5225 weighted_loss_overall 4.2614

2025-06-26 01:58:01,488 - __main__ - INFO - metrics_no_nms OrderedDict([   ('MR-full-R1@0.3', 66.59),
                ('MR-full-R1@0.5', 56.32),
                ('MR-full-R1@0.7', 39.06),
                ('MR-full-mAP', 40.29),
                ('MR-full-mAP@0.5', 64.21),
                ('MR-full-mAP@0.75', 41.22),
                ('MR-full-mIoU', 48.94),
                ('MR-long-mAP', 0.0),
                ('MR-middle-mAP', 37.24),
                ('MR-short-mAP', 41.11)])
2025-06-26 01:58:01,489 - __main__ - INFO - metrics_nms OrderedDict([   ('MR-full-R1@0.3', 66.64),
                ('MR-full-R1@0.5', 56.37),
                ('MR-full-R1@0.7', 39.27),
                ('MR-full-mAP', 41.99),
                ('MR-full-mAP@0.5', 69.27),
                ('MR-full-mAP@0.75', 43.05),
                ('MR-full-mIoU', 49.1),
                ('MR-long-mAP', 0.0),
                ('MR-middle-mAP', 38.79),
                ('MR-short-mAP', 42.85)])
2025-06-26 01:58:01,930 - __main__ - INFO - [Epoch 57]
2025-06-26 02:08:49,958 - __main__ - INFO - 2025_06_26_02_08_49 [Epoch] 057 [Loss] loss_reg 0.7996 loss_cls 0.0050 loss_sal 6.4117 loss_saliency 2.9736 loss_label 0.1023 loss_l1 4.7074 loss_giou 0.5274 weighted_loss_overall 4.2761

2025-06-26 02:12:12,370 - __main__ - INFO - metrics_no_nms OrderedDict([   ('MR-full-R1@0.3', 66.69),
                ('MR-full-R1@0.5', 56.18),
                ('MR-full-R1@0.7', 39.25),
                ('MR-full-mAP', 40.69),
                ('MR-full-mAP@0.5', 64.21),
                ('MR-full-mAP@0.75', 41.78),
                ('MR-full-mIoU', 49.33),
                ('MR-long-mAP', 0.0),
                ('MR-middle-mAP', 39.08),
                ('MR-short-mAP', 41.12)])
2025-06-26 02:12:12,371 - __main__ - INFO - metrics_nms OrderedDict([   ('MR-full-R1@0.3', 66.91),
                ('MR-full-R1@0.5', 56.45),
                ('MR-full-R1@0.7', 39.49),
                ('MR-full-mAP', 42.36),
                ('MR-full-mAP@0.5', 69.12),
                ('MR-full-mAP@0.75', 43.5),
                ('MR-full-mIoU', 49.47),
                ('MR-long-mAP', 0.0),
                ('MR-middle-mAP', 40.55),
                ('MR-short-mAP', 42.84)])
2025-06-26 02:12:12,807 - __main__ - INFO - [Epoch 58]
2025-06-26 02:23:00,129 - __main__ - INFO - 2025_06_26_02_23_00 [Epoch] 058 [Loss] loss_reg 0.7953 loss_cls 0.0050 loss_sal 6.4098 loss_saliency 2.9735 loss_label 0.1023 loss_l1 4.6827 loss_giou 0.5246 weighted_loss_overall 4.2663

2025-06-26 02:26:23,190 - __main__ - INFO - metrics_no_nms OrderedDict([   ('MR-full-R1@0.3', 66.77),
                ('MR-full-R1@0.5', 55.78),
                ('MR-full-R1@0.7', 38.28),
                ('MR-full-mAP', 40.24),
                ('MR-full-mAP@0.5', 64.13),
                ('MR-full-mAP@0.75', 40.74),
                ('MR-full-mIoU', 48.93),
                ('MR-long-mAP', 0.0),
                ('MR-middle-mAP', 37.69),
                ('MR-short-mAP', 40.93)])
2025-06-26 02:26:23,190 - __main__ - INFO - metrics_nms OrderedDict([   ('MR-full-R1@0.3', 66.94),
                ('MR-full-R1@0.5', 55.99),
                ('MR-full-R1@0.7', 38.28),
                ('MR-full-mAP', 41.94),
                ('MR-full-mAP@0.5', 69.18),
                ('MR-full-mAP@0.75', 42.65),
                ('MR-full-mIoU', 49.06),
                ('MR-long-mAP', 0.0),
                ('MR-middle-mAP', 39.4),
                ('MR-short-mAP', 42.62)])
2025-06-26 02:26:23,611 - __main__ - INFO - [Epoch 59]
2025-06-26 02:37:11,645 - __main__ - INFO - 2025_06_26_02_37_11 [Epoch] 059 [Loss] loss_reg 0.7955 loss_cls 0.0050 loss_sal 6.4215 loss_saliency 2.9712 loss_label 0.1023 loss_l1 4.6688 loss_giou 0.5228 weighted_loss_overall 4.2616

2025-06-26 02:40:35,485 - __main__ - INFO - metrics_no_nms OrderedDict([   ('MR-full-R1@0.3', 66.91),
                ('MR-full-R1@0.5', 56.37),
                ('MR-full-R1@0.7', 38.92),
                ('MR-full-mAP', 40.54),
                ('MR-full-mAP@0.5', 64.53),
                ('MR-full-mAP@0.75', 41.4),
                ('MR-full-mIoU', 49.23),
                ('MR-long-mAP', 0.0),
                ('MR-middle-mAP', 38.29),
                ('MR-short-mAP', 41.15)])
2025-06-26 02:40:35,486 - __main__ - INFO - metrics_nms OrderedDict([   ('MR-full-R1@0.3', 67.12),
                ('MR-full-R1@0.5', 56.67),
                ('MR-full-R1@0.7', 39.17),
                ('MR-full-mAP', 42.2),
                ('MR-full-mAP@0.5', 69.39),
                ('MR-full-mAP@0.75', 43.34),
                ('MR-full-mIoU', 49.46),
                ('MR-long-mAP', 0.0),
                ('MR-middle-mAP', 39.57),
                ('MR-short-mAP', 42.91)])
2025-06-26 02:40:35,928 - __main__ - INFO - [Epoch 60]
2025-06-26 02:51:23,810 - __main__ - INFO - 2025_06_26_02_51_23 [Epoch] 060 [Loss] loss_reg 0.7913 loss_cls 0.0050 loss_sal 6.4120 loss_saliency 2.9745 loss_label 0.1022 loss_l1 4.6886 loss_giou 0.5254 weighted_loss_overall 4.2645

2025-06-26 02:54:48,128 - __main__ - INFO - metrics_no_nms OrderedDict([   ('MR-full-R1@0.3', 67.18),
                ('MR-full-R1@0.5', 56.61),
                ('MR-full-R1@0.7', 39.33),
                ('MR-full-mAP', 40.66),
                ('MR-full-mAP@0.5', 64.57),
                ('MR-full-mAP@0.75', 41.01),
                ('MR-full-mIoU', 49.47),
                ('MR-long-mAP', 0.0),
                ('MR-middle-mAP', 39.4),
                ('MR-short-mAP', 41.0)])
2025-06-26 02:54:48,129 - __main__ - INFO - metrics_nms OrderedDict([   ('MR-full-R1@0.3', 67.18),
                ('MR-full-R1@0.5', 56.61),
                ('MR-full-R1@0.7', 39.27),
                ('MR-full-mAP', 42.39),
                ('MR-full-mAP@0.5', 69.52),
                ('MR-full-mAP@0.75', 43.24),
                ('MR-full-mIoU', 49.46),
                ('MR-long-mAP', 0.0),
                ('MR-middle-mAP', 41.13),
                ('MR-short-mAP', 42.72)])
2025-06-26 02:54:48,587 - __main__ - INFO - The checkpoint file has been updated.
2025-06-26 02:54:49,012 - __main__ - INFO - [Epoch 61]
2025-06-26 03:05:37,130 - __main__ - INFO - 2025_06_26_03_05_37 [Epoch] 061 [Loss] loss_reg 0.7864 loss_cls 0.0050 loss_sal 6.4036 loss_saliency 2.9733 loss_label 0.1021 loss_l1 4.5976 loss_giou 0.5191 weighted_loss_overall 4.2431

2025-06-26 03:09:01,685 - __main__ - INFO - metrics_no_nms OrderedDict([   ('MR-full-R1@0.3', 67.39),
                ('MR-full-R1@0.5', 57.07),
                ('MR-full-R1@0.7', 38.84),
                ('MR-full-mAP', 40.65),
                ('MR-full-mAP@0.5', 64.75),
                ('MR-full-mAP@0.75', 41.36),
                ('MR-full-mIoU', 49.5),
                ('MR-long-mAP', 0.0),
                ('MR-middle-mAP', 40.58),
                ('MR-short-mAP', 40.67)])
2025-06-26 03:09:01,685 - __main__ - INFO - metrics_nms OrderedDict([   ('MR-full-R1@0.3', 67.31),
                ('MR-full-R1@0.5', 57.02),
                ('MR-full-R1@0.7', 38.84),
                ('MR-full-mAP', 42.3),
                ('MR-full-mAP@0.5', 69.62),
                ('MR-full-mAP@0.75', 43.31),
                ('MR-full-mIoU', 49.52),
                ('MR-long-mAP', 0.0),
                ('MR-middle-mAP', 41.83),
                ('MR-short-mAP', 42.42)])
2025-06-26 03:09:02,119 - __main__ - INFO - [Epoch 62]
2025-06-26 03:19:50,065 - __main__ - INFO - 2025_06_26_03_19_50 [Epoch] 062 [Loss] loss_reg 0.7852 loss_cls 0.0050 loss_sal 6.3979 loss_saliency 2.9765 loss_label 0.1018 loss_l1 4.5363 loss_giou 0.5139 weighted_loss_overall 4.2329

2025-06-26 03:23:14,316 - __main__ - INFO - metrics_no_nms OrderedDict([   ('MR-full-R1@0.3', 66.99),
                ('MR-full-R1@0.5', 56.29),
                ('MR-full-R1@0.7', 38.74),
                ('MR-full-mAP', 40.22),
                ('MR-full-mAP@0.5', 64.34),
                ('MR-full-mAP@0.75', 41.02),
                ('MR-full-mIoU', 49.14),
                ('MR-long-mAP', 0.0),
                ('MR-middle-mAP', 37.5),
                ('MR-short-mAP', 40.95)])
2025-06-26 03:23:14,316 - __main__ - INFO - metrics_nms OrderedDict([   ('MR-full-R1@0.3', 67.34),
                ('MR-full-R1@0.5', 56.75),
                ('MR-full-R1@0.7', 38.82),
                ('MR-full-mAP', 42.05),
                ('MR-full-mAP@0.5', 69.22),
                ('MR-full-mAP@0.75', 43.0),
                ('MR-full-mIoU', 49.37),
                ('MR-long-mAP', 0.0),
                ('MR-middle-mAP', 38.94),
                ('MR-short-mAP', 42.89)])
2025-06-26 03:23:14,745 - __main__ - INFO - [Epoch 63]
2025-06-26 03:34:03,899 - __main__ - INFO - 2025_06_26_03_34_03 [Epoch] 063 [Loss] loss_reg 0.7849 loss_cls 0.0050 loss_sal 6.4129 loss_saliency 2.9704 loss_label 0.1018 loss_l1 4.6912 loss_giou 0.5241 weighted_loss_overall 4.2537

2025-06-26 03:37:27,684 - __main__ - INFO - metrics_no_nms OrderedDict([   ('MR-full-R1@0.3', 67.26),
                ('MR-full-R1@0.5', 56.05),
                ('MR-full-R1@0.7', 38.41),
                ('MR-full-mAP', 40.55),
                ('MR-full-mAP@0.5', 64.42),
                ('MR-full-mAP@0.75', 41.2),
                ('MR-full-mIoU', 49.29),
                ('MR-long-mAP', 0.0),
                ('MR-middle-mAP', 39.2),
                ('MR-short-mAP', 40.91)])
2025-06-26 03:37:27,684 - __main__ - INFO - metrics_nms OrderedDict([   ('MR-full-R1@0.3', 67.53),
                ('MR-full-R1@0.5', 56.42),
                ('MR-full-R1@0.7', 38.68),
                ('MR-full-mAP', 42.42),
                ('MR-full-mAP@0.5', 69.47),
                ('MR-full-mAP@0.75', 43.38),
                ('MR-full-mIoU', 49.56),
                ('MR-long-mAP', 0.0),
                ('MR-middle-mAP', 40.99),
                ('MR-short-mAP', 42.81)])
2025-06-26 03:37:28,127 - __main__ - INFO - [Epoch 64]
2025-06-26 03:48:16,809 - __main__ - INFO - 2025_06_26_03_48_16 [Epoch] 064 [Loss] loss_reg 0.7844 loss_cls 0.0050 loss_sal 6.4136 loss_saliency 2.9724 loss_label 0.1020 loss_l1 4.6014 loss_giou 0.5175 weighted_loss_overall 4.2392

2025-06-26 03:51:40,094 - __main__ - INFO - metrics_no_nms OrderedDict([   ('MR-full-R1@0.3', 67.77),
                ('MR-full-R1@0.5', 56.83),
                ('MR-full-R1@0.7', 38.79),
                ('MR-full-mAP', 40.7),
                ('MR-full-mAP@0.5', 64.69),
                ('MR-full-mAP@0.75', 41.4),
                ('MR-full-mIoU', 49.79),
                ('MR-long-mAP', 0.0),
                ('MR-middle-mAP', 40.78),
                ('MR-short-mAP', 40.68)])
2025-06-26 03:51:40,095 - __main__ - INFO - metrics_nms OrderedDict([   ('MR-full-R1@0.3', 67.88),
                ('MR-full-R1@0.5', 57.02),
                ('MR-full-R1@0.7', 39.09),
                ('MR-full-mAP', 42.45),
                ('MR-full-mAP@0.5', 69.73),
                ('MR-full-mAP@0.75', 43.4),
                ('MR-full-mIoU', 49.89),
                ('MR-long-mAP', 0.0),
                ('MR-middle-mAP', 42.17),
                ('MR-short-mAP', 42.52)])
2025-06-26 03:51:40,535 - __main__ - INFO - [Epoch 65]
2025-06-26 04:02:30,015 - __main__ - INFO - 2025_06_26_04_02_30 [Epoch] 065 [Loss] loss_reg 0.7830 loss_cls 0.0050 loss_sal 6.3941 loss_saliency 2.9701 loss_label 0.1013 loss_l1 4.6181 loss_giou 0.5177 weighted_loss_overall 4.2374

2025-06-26 04:05:52,656 - __main__ - INFO - metrics_no_nms OrderedDict([   ('MR-full-R1@0.3', 66.88),
                ('MR-full-R1@0.5', 55.62),
                ('MR-full-R1@0.7', 38.82),
                ('MR-full-mAP', 40.32),
                ('MR-full-mAP@0.5', 63.93),
                ('MR-full-mAP@0.75', 40.96),
                ('MR-full-mIoU', 48.86),
                ('MR-long-mAP', 0.0),
                ('MR-middle-mAP', 36.87),
                ('MR-short-mAP', 41.24)])
2025-06-26 04:05:52,656 - __main__ - INFO - metrics_nms OrderedDict([   ('MR-full-R1@0.3', 67.23),
                ('MR-full-R1@0.5', 55.91),
                ('MR-full-R1@0.7', 39.09),
                ('MR-full-mAP', 42.07),
                ('MR-full-mAP@0.5', 69.02),
                ('MR-full-mAP@0.75', 43.07),
                ('MR-full-mIoU', 49.14),
                ('MR-long-mAP', 0.0),
                ('MR-middle-mAP', 38.47),
                ('MR-short-mAP', 43.04)])
2025-06-26 04:05:53,109 - __main__ - INFO - [Epoch 66]
2025-06-26 04:16:43,269 - __main__ - INFO - 2025_06_26_04_16_43 [Epoch] 066 [Loss] loss_reg 0.7754 loss_cls 0.0050 loss_sal 6.4040 loss_saliency 2.9723 loss_label 0.1015 loss_l1 4.6460 loss_giou 0.5191 weighted_loss_overall 4.2359

2025-06-26 04:20:05,832 - __main__ - INFO - metrics_no_nms OrderedDict([   ('MR-full-R1@0.3', 67.28),
                ('MR-full-R1@0.5', 56.67),
                ('MR-full-R1@0.7', 38.6),
                ('MR-full-mAP', 40.52),
                ('MR-full-mAP@0.5', 64.71),
                ('MR-full-mAP@0.75', 40.69),
                ('MR-full-mIoU', 49.29),
                ('MR-long-mAP', 0.0),
                ('MR-middle-mAP', 40.02),
                ('MR-short-mAP', 40.65)])
2025-06-26 04:20:05,832 - __main__ - INFO - metrics_nms OrderedDict([   ('MR-full-R1@0.3', 67.37),
                ('MR-full-R1@0.5', 56.64),
                ('MR-full-R1@0.7', 38.71),
                ('MR-full-mAP', 42.15),
                ('MR-full-mAP@0.5', 69.38),
                ('MR-full-mAP@0.75', 42.79),
                ('MR-full-mIoU', 49.34),
                ('MR-long-mAP', 0.0),
                ('MR-middle-mAP', 41.58),
                ('MR-short-mAP', 42.31)])
2025-06-26 04:20:06,270 - __main__ - INFO - [Epoch 67]
2025-06-26 04:30:55,667 - __main__ - INFO - 2025_06_26_04_30_55 [Epoch] 067 [Loss] loss_reg 0.7719 loss_cls 0.0049 loss_sal 6.4027 loss_saliency 2.9713 loss_label 0.1017 loss_l1 4.6026 loss_giou 0.5162 weighted_loss_overall 4.2244

2025-06-26 04:34:17,821 - __main__ - INFO - metrics_no_nms OrderedDict([   ('MR-full-R1@0.3', 67.04),
                ('MR-full-R1@0.5', 56.48),
                ('MR-full-R1@0.7', 38.39),
                ('MR-full-mAP', 40.48),
                ('MR-full-mAP@0.5', 64.71),
                ('MR-full-mAP@0.75', 40.53),
                ('MR-full-mIoU', 49.22),
                ('MR-long-mAP', 0.0),
                ('MR-middle-mAP', 39.46),
                ('MR-short-mAP', 40.75)])
2025-06-26 04:34:17,821 - __main__ - INFO - metrics_nms OrderedDict([   ('MR-full-R1@0.3', 67.34),
                ('MR-full-R1@0.5', 56.83),
                ('MR-full-R1@0.7', 38.55),
                ('MR-full-mAP', 42.12),
                ('MR-full-mAP@0.5', 69.43),
                ('MR-full-mAP@0.75', 42.57),
                ('MR-full-mIoU', 49.48),
                ('MR-long-mAP', 0.0),
                ('MR-middle-mAP', 41.17),
                ('MR-short-mAP', 42.37)])
2025-06-26 04:34:18,261 - __main__ - INFO - [Epoch 68]
2025-06-26 04:45:08,136 - __main__ - INFO - 2025_06_26_04_45_08 [Epoch] 068 [Loss] loss_reg 0.7731 loss_cls 0.0050 loss_sal 6.4057 loss_saliency 2.9718 loss_label 0.1018 loss_l1 4.6178 loss_giou 0.5172 weighted_loss_overall 4.2285

2025-06-26 04:48:30,527 - __main__ - INFO - metrics_no_nms OrderedDict([   ('MR-full-R1@0.3', 67.04),
                ('MR-full-R1@0.5', 55.89),
                ('MR-full-R1@0.7', 38.71),
                ('MR-full-mAP', 40.29),
                ('MR-full-mAP@0.5', 64.18),
                ('MR-full-mAP@0.75', 40.67),
                ('MR-full-mIoU', 48.99),
                ('MR-long-mAP', 0.0),
                ('MR-middle-mAP', 37.11),
                ('MR-short-mAP', 41.14)])
2025-06-26 04:48:30,527 - __main__ - INFO - metrics_nms OrderedDict([   ('MR-full-R1@0.3', 67.53),
                ('MR-full-R1@0.5', 56.29),
                ('MR-full-R1@0.7', 38.79),
                ('MR-full-mAP', 42.15),
                ('MR-full-mAP@0.5', 69.24),
                ('MR-full-mAP@0.75', 42.81),
                ('MR-full-mIoU', 49.21),
                ('MR-long-mAP', 0.0),
                ('MR-middle-mAP', 39.19),
                ('MR-short-mAP', 42.95)])
2025-06-26 04:48:30,951 - __main__ - INFO - [Epoch 69]
2025-06-26 04:59:20,277 - __main__ - INFO - 2025_06_26_04_59_20 [Epoch] 069 [Loss] loss_reg 0.7692 loss_cls 0.0049 loss_sal 6.3999 loss_saliency 2.9643 loss_label 0.1013 loss_l1 4.6145 loss_giou 0.5154 weighted_loss_overall 4.2163

2025-06-26 05:02:43,142 - __main__ - INFO - metrics_no_nms OrderedDict([   ('MR-full-R1@0.3', 67.34),
                ('MR-full-R1@0.5', 56.69),
                ('MR-full-R1@0.7', 38.52),
                ('MR-full-mAP', 40.69),
                ('MR-full-mAP@0.5', 64.78),
                ('MR-full-mAP@0.75', 41.1),
                ('MR-full-mIoU', 49.4),
                ('MR-long-mAP', 0.0),
                ('MR-middle-mAP', 40.17),
                ('MR-short-mAP', 40.83)])
2025-06-26 05:02:43,142 - __main__ - INFO - metrics_nms OrderedDict([   ('MR-full-R1@0.3', 67.5),
                ('MR-full-R1@0.5', 57.07),
                ('MR-full-R1@0.7', 38.6),
                ('MR-full-mAP', 42.4),
                ('MR-full-mAP@0.5', 69.82),
                ('MR-full-mAP@0.75', 43.1),
                ('MR-full-mIoU', 49.62),
                ('MR-long-mAP', 0.0),
                ('MR-middle-mAP', 41.81),
                ('MR-short-mAP', 42.55)])
2025-06-26 05:02:43,566 - __main__ - INFO - [Epoch 70]
2025-06-26 05:13:31,988 - __main__ - INFO - 2025_06_26_05_13_31 [Epoch] 070 [Loss] loss_reg 0.7678 loss_cls 0.0049 loss_sal 6.4015 loss_saliency 2.9718 loss_label 0.1016 loss_l1 4.5403 loss_giou 0.5117 weighted_loss_overall 4.2098

2025-06-26 05:16:55,520 - __main__ - INFO - metrics_no_nms OrderedDict([   ('MR-full-R1@0.3', 67.12),
                ('MR-full-R1@0.5', 56.29),
                ('MR-full-R1@0.7', 38.36),
                ('MR-full-mAP', 40.12),
                ('MR-full-mAP@0.5', 64.64),
                ('MR-full-mAP@0.75', 40.35),
                ('MR-full-mIoU', 48.97),
                ('MR-long-mAP', 0.0),
                ('MR-middle-mAP', 38.02),
                ('MR-short-mAP', 40.68)])
2025-06-26 05:16:55,521 - __main__ - INFO - metrics_nms OrderedDict([   ('MR-full-R1@0.3', 67.18),
                ('MR-full-R1@0.5', 56.64),
                ('MR-full-R1@0.7', 38.63),
                ('MR-full-mAP', 41.78),
                ('MR-full-mAP@0.5', 69.54),
                ('MR-full-mAP@0.75', 42.18),
                ('MR-full-mIoU', 49.1),
                ('MR-long-mAP', 0.0),
                ('MR-middle-mAP', 39.72),
                ('MR-short-mAP', 42.33)])
2025-06-26 05:16:55,952 - __main__ - INFO - [Epoch 71]
2025-06-26 05:27:46,206 - __main__ - INFO - 2025_06_26_05_27_46 [Epoch] 071 [Loss] loss_reg 0.7658 loss_cls 0.0049 loss_sal 6.3963 loss_saliency 2.9658 loss_label 0.1012 loss_l1 4.5771 loss_giou 0.5116 weighted_loss_overall 4.2063

2025-06-26 05:31:10,231 - __main__ - INFO - metrics_no_nms OrderedDict([   ('MR-full-R1@0.3', 67.31),
                ('MR-full-R1@0.5', 56.24),
                ('MR-full-R1@0.7', 38.58),
                ('MR-full-mAP', 40.43),
                ('MR-full-mAP@0.5', 64.52),
                ('MR-full-mAP@0.75', 40.61),
                ('MR-full-mIoU', 49.27),
                ('MR-long-mAP', 0.0),
                ('MR-middle-mAP', 40.29),
                ('MR-short-mAP', 40.46)])
2025-06-26 05:31:10,231 - __main__ - INFO - metrics_nms OrderedDict([   ('MR-full-R1@0.3', 67.53),
                ('MR-full-R1@0.5', 56.37),
                ('MR-full-R1@0.7', 38.52),
                ('MR-full-mAP', 42.14),
                ('MR-full-mAP@0.5', 69.6),
                ('MR-full-mAP@0.75', 42.35),
                ('MR-full-mIoU', 49.36),
                ('MR-long-mAP', 0.0),
                ('MR-middle-mAP', 42.39),
                ('MR-short-mAP', 42.08)])
2025-06-26 05:31:10,666 - __main__ - INFO - [Epoch 72]
2025-06-26 05:42:00,988 - __main__ - INFO - 2025_06_26_05_42_00 [Epoch] 072 [Loss] loss_reg 0.7629 loss_cls 0.0049 loss_sal 6.3807 loss_saliency 2.9630 loss_label 0.1004 loss_l1 4.5592 loss_giou 0.5108 weighted_loss_overall 4.1983

2025-06-26 05:45:25,088 - __main__ - INFO - metrics_no_nms OrderedDict([   ('MR-full-R1@0.3', 67.26),
                ('MR-full-R1@0.5', 56.45),
                ('MR-full-R1@0.7', 38.87),
                ('MR-full-mAP', 40.57),
                ('MR-full-mAP@0.5', 64.49),
                ('MR-full-mAP@0.75', 41.01),
                ('MR-full-mIoU', 49.54),
                ('MR-long-mAP', 0.0),
                ('MR-middle-mAP', 39.88),
                ('MR-short-mAP', 40.75)])
2025-06-26 05:45:25,088 - __main__ - INFO - metrics_nms OrderedDict([   ('MR-full-R1@0.3', 67.47),
                ('MR-full-R1@0.5', 56.48),
                ('MR-full-R1@0.7', 38.71),
                ('MR-full-mAP', 42.4),
                ('MR-full-mAP@0.5', 69.37),
                ('MR-full-mAP@0.75', 43.17),
                ('MR-full-mIoU', 49.58),
                ('MR-long-mAP', 0.0),
                ('MR-middle-mAP', 41.7),
                ('MR-short-mAP', 42.58)])
2025-06-26 05:45:25,614 - __main__ - INFO - [Epoch 73]
2025-06-26 05:56:10,101 - __main__ - INFO - 2025_06_26_05_56_10 [Epoch] 073 [Loss] loss_reg 0.7641 loss_cls 0.0049 loss_sal 6.3819 loss_saliency 2.9639 loss_label 0.1009 loss_l1 4.5335 loss_giou 0.5084 weighted_loss_overall 4.1954

2025-06-26 05:59:29,387 - __main__ - INFO - metrics_no_nms OrderedDict([   ('MR-full-R1@0.3', 66.96),
                ('MR-full-R1@0.5', 55.97),
                ('MR-full-R1@0.7', 37.85),
                ('MR-full-mAP', 40.31),
                ('MR-full-mAP@0.5', 64.56),
                ('MR-full-mAP@0.75', 40.92),
                ('MR-full-mIoU', 48.9),
                ('MR-long-mAP', 0.0),
                ('MR-middle-mAP', 38.39),
                ('MR-short-mAP', 40.83)])
2025-06-26 05:59:29,387 - __main__ - INFO - metrics_nms OrderedDict([   ('MR-full-R1@0.3', 67.1),
                ('MR-full-R1@0.5', 56.4),
                ('MR-full-R1@0.7', 38.23),
                ('MR-full-mAP', 42.03),
                ('MR-full-mAP@0.5', 69.38),
                ('MR-full-mAP@0.75', 43.04),
                ('MR-full-mIoU', 49.11),
                ('MR-long-mAP', 0.0),
                ('MR-middle-mAP', 40.02),
                ('MR-short-mAP', 42.57)])
2025-06-26 05:59:29,813 - __main__ - INFO - [Epoch 74]
2025-06-26 06:10:04,287 - __main__ - INFO - 2025_06_26_06_10_04 [Epoch] 074 [Loss] loss_reg 0.7598 loss_cls 0.0049 loss_sal 6.3888 loss_saliency 2.9673 loss_label 0.1005 loss_l1 4.4702 loss_giou 0.5057 weighted_loss_overall 4.1847

2025-06-26 06:13:23,528 - __main__ - INFO - metrics_no_nms OrderedDict([   ('MR-full-R1@0.3', 66.77),
                ('MR-full-R1@0.5', 56.26),
                ('MR-full-R1@0.7', 38.49),
                ('MR-full-mAP', 40.19),
                ('MR-full-mAP@0.5', 64.43),
                ('MR-full-mAP@0.75', 40.47),
                ('MR-full-mIoU', 48.95),
                ('MR-long-mAP', 0.0),
                ('MR-middle-mAP', 36.34),
                ('MR-short-mAP', 41.22)])
2025-06-26 06:13:23,529 - __main__ - INFO - metrics_nms OrderedDict([   ('MR-full-R1@0.3', 66.85),
                ('MR-full-R1@0.5', 56.4),
                ('MR-full-R1@0.7', 38.55),
                ('MR-full-mAP', 41.87),
                ('MR-full-mAP@0.5', 69.27),
                ('MR-full-mAP@0.75', 42.2),
                ('MR-full-mIoU', 49.05),
                ('MR-long-mAP', 0.0),
                ('MR-middle-mAP', 38.04),
                ('MR-short-mAP', 42.89)])
2025-06-26 06:13:23,950 - __main__ - INFO - [Epoch 75]
2025-06-26 06:24:01,223 - __main__ - INFO - 2025_06_26_06_24_01 [Epoch] 075 [Loss] loss_reg 0.7569 loss_cls 0.0049 loss_sal 6.3943 loss_saliency 2.9616 loss_label 0.1004 loss_l1 4.4232 loss_giou 0.5002 weighted_loss_overall 4.1670

2025-06-26 06:27:20,391 - __main__ - INFO - metrics_no_nms OrderedDict([   ('MR-full-R1@0.3', 67.34),
                ('MR-full-R1@0.5', 56.53),
                ('MR-full-R1@0.7', 38.28),
                ('MR-full-mAP', 40.5),
                ('MR-full-mAP@0.5', 64.94),
                ('MR-full-mAP@0.75', 40.99),
                ('MR-full-mIoU', 49.3),
                ('MR-long-mAP', 0.0),
                ('MR-middle-mAP', 39.3),
                ('MR-short-mAP', 40.82)])
2025-06-26 06:27:20,391 - __main__ - INFO - metrics_nms OrderedDict([   ('MR-full-R1@0.3', 67.39),
                ('MR-full-R1@0.5', 56.75),
                ('MR-full-R1@0.7', 38.23),
                ('MR-full-mAP', 42.16),
                ('MR-full-mAP@0.5', 69.76),
                ('MR-full-mAP@0.75', 42.88),
                ('MR-full-mIoU', 49.37),
                ('MR-long-mAP', 0.0),
                ('MR-middle-mAP', 40.88),
                ('MR-short-mAP', 42.5)])
2025-06-26 06:27:20,803 - __main__ - INFO - [Epoch 76]
2025-06-26 06:37:55,802 - __main__ - INFO - 2025_06_26_06_37_55 [Epoch] 076 [Loss] loss_reg 0.7529 loss_cls 0.0049 loss_sal 6.3853 loss_saliency 2.9642 loss_label 0.1004 loss_l1 4.4784 loss_giou 0.5049 weighted_loss_overall 4.1752

2025-06-26 06:41:15,278 - __main__ - INFO - metrics_no_nms OrderedDict([   ('MR-full-R1@0.3', 66.94),
                ('MR-full-R1@0.5', 56.05),
                ('MR-full-R1@0.7', 37.8),
                ('MR-full-mAP', 40.55),
                ('MR-full-mAP@0.5', 64.51),
                ('MR-full-mAP@0.75', 41.01),
                ('MR-full-mIoU', 48.94),
                ('MR-long-mAP', 0.0),
                ('MR-middle-mAP', 39.74),
                ('MR-short-mAP', 40.76)])
2025-06-26 06:41:15,278 - __main__ - INFO - metrics_nms OrderedDict([   ('MR-full-R1@0.3', 67.23),
                ('MR-full-R1@0.5', 56.34),
                ('MR-full-R1@0.7', 38.17),
                ('MR-full-mAP', 42.27),
                ('MR-full-mAP@0.5', 69.38),
                ('MR-full-mAP@0.75', 42.83),
                ('MR-full-mIoU', 49.17),
                ('MR-long-mAP', 0.0),
                ('MR-middle-mAP', 41.49),
                ('MR-short-mAP', 42.48)])
2025-06-26 06:41:15,709 - __main__ - INFO - [Epoch 77]
2025-06-26 06:51:52,236 - __main__ - INFO - 2025_06_26_06_51_52 [Epoch] 077 [Loss] loss_reg 0.7548 loss_cls 0.0049 loss_sal 6.3738 loss_saliency 2.9622 loss_label 0.1004 loss_l1 4.4093 loss_giou 0.5015 weighted_loss_overall 4.1649

2025-06-26 06:55:11,684 - __main__ - INFO - metrics_no_nms OrderedDict([   ('MR-full-R1@0.3', 66.88),
                ('MR-full-R1@0.5', 55.75),
                ('MR-full-R1@0.7', 38.09),
                ('MR-full-mAP', 39.96),
                ('MR-full-mAP@0.5', 64.16),
                ('MR-full-mAP@0.75', 40.8),
                ('MR-full-mIoU', 48.81),
                ('MR-long-mAP', 0.0),
                ('MR-middle-mAP', 37.12),
                ('MR-short-mAP', 40.73)])
2025-06-26 06:55:11,684 - __main__ - INFO - metrics_nms OrderedDict([   ('MR-full-R1@0.3', 67.1),
                ('MR-full-R1@0.5', 55.97),
                ('MR-full-R1@0.7', 38.09),
                ('MR-full-mAP', 41.66),
                ('MR-full-mAP@0.5', 69.02),
                ('MR-full-mAP@0.75', 42.59),
                ('MR-full-mIoU', 48.85),
                ('MR-long-mAP', 0.0),
                ('MR-middle-mAP', 38.64),
                ('MR-short-mAP', 42.47)])
2025-06-26 06:55:12,126 - __main__ - INFO - [Epoch 78]
2025-06-26 07:05:47,775 - __main__ - INFO - 2025_06_26_07_05_47 [Epoch] 078 [Loss] loss_reg 0.7489 loss_cls 0.0049 loss_sal 6.3799 loss_saliency 2.9619 loss_label 0.1001 loss_l1 4.4840 loss_giou 0.5046 weighted_loss_overall 4.1695

2025-06-26 07:09:07,087 - __main__ - INFO - metrics_no_nms OrderedDict([   ('MR-full-R1@0.3', 67.8),
                ('MR-full-R1@0.5', 56.72),
                ('MR-full-R1@0.7', 37.9),
                ('MR-full-mAP', 40.55),
                ('MR-full-mAP@0.5', 64.96),
                ('MR-full-mAP@0.75', 40.64),
                ('MR-full-mIoU', 49.58),
                ('MR-long-mAP', 0.0),
                ('MR-middle-mAP', 40.88),
                ('MR-short-mAP', 40.46)])
2025-06-26 07:09:07,088 - __main__ - INFO - metrics_nms OrderedDict([   ('MR-full-R1@0.3', 67.93),
                ('MR-full-R1@0.5', 57.04),
                ('MR-full-R1@0.7', 37.93),
                ('MR-full-mAP', 42.32),
                ('MR-full-mAP@0.5', 69.89),
                ('MR-full-mAP@0.75', 42.53),
                ('MR-full-mIoU', 49.67),
                ('MR-long-mAP', 0.0),
                ('MR-middle-mAP', 42.44),
                ('MR-short-mAP', 42.28)])
2025-06-26 07:09:07,520 - __main__ - INFO - [Epoch 79]
2025-06-26 07:19:45,574 - __main__ - INFO - 2025_06_26_07_19_45 [Epoch] 079 [Loss] loss_reg 0.7493 loss_cls 0.0048 loss_sal 6.3753 loss_saliency 2.9621 loss_label 0.1002 loss_l1 4.4194 loss_giou 0.5003 weighted_loss_overall 4.1592

2025-06-26 07:23:04,761 - __main__ - INFO - metrics_no_nms OrderedDict([   ('MR-full-R1@0.3', 66.8),
                ('MR-full-R1@0.5', 55.4),
                ('MR-full-R1@0.7', 37.39),
                ('MR-full-mAP', 40.3),
                ('MR-full-mAP@0.5', 64.18),
                ('MR-full-mAP@0.75', 40.7),
                ('MR-full-mIoU', 48.84),
                ('MR-long-mAP', 0.0),
                ('MR-middle-mAP', 37.8),
                ('MR-short-mAP', 40.97)])
2025-06-26 07:23:04,761 - __main__ - INFO - metrics_nms OrderedDict([   ('MR-full-R1@0.3', 67.31),
                ('MR-full-R1@0.5', 55.91),
                ('MR-full-R1@0.7', 37.72),
                ('MR-full-mAP', 41.91),
                ('MR-full-mAP@0.5', 68.9),
                ('MR-full-mAP@0.75', 42.47),
                ('MR-full-mIoU', 49.2),
                ('MR-long-mAP', 0.0),
                ('MR-middle-mAP', 39.27),
                ('MR-short-mAP', 42.61)])
2025-06-26 07:23:05,200 - __main__ - INFO - [Epoch 80]
2025-06-26 07:33:40,728 - __main__ - INFO - 2025_06_26_07_33_40 [Epoch] 080 [Loss] loss_reg 0.7412 loss_cls 0.0048 loss_sal 6.3880 loss_saliency 2.9596 loss_label 0.0997 loss_l1 4.4288 loss_giou 0.5015 weighted_loss_overall 4.1513

2025-06-26 07:37:00,361 - __main__ - INFO - metrics_no_nms OrderedDict([   ('MR-full-R1@0.3', 67.23),
                ('MR-full-R1@0.5', 56.02),
                ('MR-full-R1@0.7', 37.63),
                ('MR-full-mAP', 40.36),
                ('MR-full-mAP@0.5', 64.73),
                ('MR-full-mAP@0.75', 40.68),
                ('MR-full-mIoU', 48.98),
                ('MR-long-mAP', 0.0),
                ('MR-middle-mAP', 37.84),
                ('MR-short-mAP', 41.04)])
2025-06-26 07:37:00,361 - __main__ - INFO - metrics_nms OrderedDict([   ('MR-full-R1@0.3', 67.77),
                ('MR-full-R1@0.5', 56.56),
                ('MR-full-R1@0.7', 37.9),
                ('MR-full-mAP', 42.1),
                ('MR-full-mAP@0.5', 69.61),
                ('MR-full-mAP@0.75', 42.55),
                ('MR-full-mIoU', 49.39),
                ('MR-long-mAP', 0.0),
                ('MR-middle-mAP', 39.32),
                ('MR-short-mAP', 42.85)])
2025-06-26 07:37:00,787 - __main__ - INFO - [Epoch 81]
2025-06-26 07:47:37,112 - __main__ - INFO - 2025_06_26_07_47_37 [Epoch] 081 [Loss] loss_reg 0.7435 loss_cls 0.0048 loss_sal 6.3713 loss_saliency 2.9583 loss_label 0.1000 loss_l1 4.5196 loss_giou 0.5053 weighted_loss_overall 4.1653

2025-06-26 07:50:56,202 - __main__ - INFO - metrics_no_nms OrderedDict([   ('MR-full-R1@0.3', 67.61),
                ('MR-full-R1@0.5', 57.1),
                ('MR-full-R1@0.7', 38.98),
                ('MR-full-mAP', 40.35),
                ('MR-full-mAP@0.5', 65.0),
                ('MR-full-mAP@0.75', 41.0),
                ('MR-full-mIoU', 49.47),
                ('MR-long-mAP', 0.0),
                ('MR-middle-mAP', 37.29),
                ('MR-short-mAP', 41.17)])
2025-06-26 07:50:56,202 - __main__ - INFO - metrics_nms OrderedDict([   ('MR-full-R1@0.3', 67.23),
                ('MR-full-R1@0.5', 56.91),
                ('MR-full-R1@0.7', 38.84),
                ('MR-full-mAP', 42.11),
                ('MR-full-mAP@0.5', 69.78),
                ('MR-full-mAP@0.75', 43.0),
                ('MR-full-mIoU', 49.29),
                ('MR-long-mAP', 0.0),
                ('MR-middle-mAP', 39.16),
                ('MR-short-mAP', 42.91)])
2025-06-26 07:50:56,642 - __main__ - INFO - The checkpoint file has been updated.
2025-06-26 07:50:57,078 - __main__ - INFO - [Epoch 82]
2025-06-26 08:01:33,202 - __main__ - INFO - 2025_06_26_08_01_33 [Epoch] 082 [Loss] loss_reg 0.7415 loss_cls 0.0048 loss_sal 6.3831 loss_saliency 2.9635 loss_label 0.1001 loss_l1 4.4725 loss_giou 0.5025 weighted_loss_overall 4.1600

2025-06-26 08:04:52,724 - __main__ - INFO - metrics_no_nms OrderedDict([   ('MR-full-R1@0.3', 67.1),
                ('MR-full-R1@0.5', 56.4),
                ('MR-full-R1@0.7', 38.36),
                ('MR-full-mAP', 40.68),
                ('MR-full-mAP@0.5', 65.0),
                ('MR-full-mAP@0.75', 40.93),
                ('MR-full-mIoU', 49.27),
                ('MR-long-mAP', 0.0),
                ('MR-middle-mAP', 40.25),
                ('MR-short-mAP', 40.8)])
2025-06-26 08:04:52,725 - __main__ - INFO - metrics_nms OrderedDict([   ('MR-full-R1@0.3', 67.39),
                ('MR-full-R1@0.5', 56.77),
                ('MR-full-R1@0.7', 38.58),
                ('MR-full-mAP', 42.49),
                ('MR-full-mAP@0.5', 69.84),
                ('MR-full-mAP@0.75', 42.97),
                ('MR-full-mIoU', 49.52),
                ('MR-long-mAP', 0.0),
                ('MR-middle-mAP', 42.4),
                ('MR-short-mAP', 42.52)])
2025-06-26 08:04:53,149 - __main__ - INFO - [Epoch 83]
2025-06-26 08:15:30,089 - __main__ - INFO - 2025_06_26_08_15_30 [Epoch] 083 [Loss] loss_reg 0.7375 loss_cls 0.0048 loss_sal 6.3853 loss_saliency 2.9583 loss_label 0.1002 loss_l1 4.4712 loss_giou 0.5014 weighted_loss_overall 4.1506

2025-06-26 08:18:49,311 - __main__ - INFO - metrics_no_nms OrderedDict([   ('MR-full-R1@0.3', 66.88),
                ('MR-full-R1@0.5', 56.48),
                ('MR-full-R1@0.7', 38.06),
                ('MR-full-mAP', 40.33),
                ('MR-full-mAP@0.5', 65.06),
                ('MR-full-mAP@0.75', 41.22),
                ('MR-full-mIoU', 48.97),
                ('MR-long-mAP', 0.0),
                ('MR-middle-mAP', 38.82),
                ('MR-short-mAP', 40.73)])
2025-06-26 08:18:49,311 - __main__ - INFO - metrics_nms OrderedDict([   ('MR-full-R1@0.3', 67.39),
                ('MR-full-R1@0.5', 56.83),
                ('MR-full-R1@0.7', 38.31),
                ('MR-full-mAP', 42.11),
                ('MR-full-mAP@0.5', 69.97),
                ('MR-full-mAP@0.75', 43.21),
                ('MR-full-mIoU', 49.28),
                ('MR-long-mAP', 0.0),
                ('MR-middle-mAP', 40.43),
                ('MR-short-mAP', 42.56)])
2025-06-26 08:18:49,762 - __main__ - INFO - [Epoch 84]
2025-06-26 08:29:26,917 - __main__ - INFO - 2025_06_26_08_29_26 [Epoch] 084 [Loss] loss_reg 0.7341 loss_cls 0.0048 loss_sal 6.3784 loss_saliency 2.9614 loss_label 0.1001 loss_l1 4.4234 loss_giou 0.4956 weighted_loss_overall 4.1390

2025-06-26 08:32:46,476 - __main__ - INFO - metrics_no_nms OrderedDict([   ('MR-full-R1@0.3', 67.47),
                ('MR-full-R1@0.5', 56.61),
                ('MR-full-R1@0.7', 38.04),
                ('MR-full-mAP', 40.37),
                ('MR-full-mAP@0.5', 65.07),
                ('MR-full-mAP@0.75', 40.93),
                ('MR-full-mIoU', 49.27),
                ('MR-long-mAP', 0.0),
                ('MR-middle-mAP', 39.01),
                ('MR-short-mAP', 40.74)])
2025-06-26 08:32:46,476 - __main__ - INFO - metrics_nms OrderedDict([   ('MR-full-R1@0.3', 67.72),
                ('MR-full-R1@0.5', 56.83),
                ('MR-full-R1@0.7', 38.09),
                ('MR-full-mAP', 41.97),
                ('MR-full-mAP@0.5', 69.73),
                ('MR-full-mAP@0.75', 42.65),
                ('MR-full-mIoU', 49.36),
                ('MR-long-mAP', 0.0),
                ('MR-middle-mAP', 40.53),
                ('MR-short-mAP', 42.36)])
2025-06-26 08:32:46,916 - __main__ - INFO - [Epoch 85]
2025-06-26 08:43:23,261 - __main__ - INFO - 2025_06_26_08_43_23 [Epoch] 085 [Loss] loss_reg 0.7422 loss_cls 0.0048 loss_sal 6.3885 loss_saliency 2.9670 loss_label 0.1006 loss_l1 4.5399 loss_giou 0.5077 weighted_loss_overall 4.1756

2025-06-26 08:46:43,123 - __main__ - INFO - metrics_no_nms OrderedDict([   ('MR-full-R1@0.3', 67.66),
                ('MR-full-R1@0.5', 56.85),
                ('MR-full-R1@0.7', 38.23),
                ('MR-full-mAP', 40.73),
                ('MR-full-mAP@0.5', 65.39),
                ('MR-full-mAP@0.75', 40.93),
                ('MR-full-mIoU', 49.32),
                ('MR-long-mAP', 0.0),
                ('MR-middle-mAP', 41.99),
                ('MR-short-mAP', 40.39)])
2025-06-26 08:46:43,123 - __main__ - INFO - metrics_nms OrderedDict([   ('MR-full-R1@0.3', 68.06),
                ('MR-full-R1@0.5', 57.42),
                ('MR-full-R1@0.7', 38.6),
                ('MR-full-mAP', 42.51),
                ('MR-full-mAP@0.5', 70.17),
                ('MR-full-mAP@0.75', 42.83),
                ('MR-full-mIoU', 49.7),
                ('MR-long-mAP', 0.0),
                ('MR-middle-mAP', 43.92),
                ('MR-short-mAP', 42.13)])
2025-06-26 08:46:43,547 - __main__ - INFO - [Epoch 86]
2025-06-26 08:57:21,859 - __main__ - INFO - 2025_06_26_08_57_21 [Epoch] 086 [Loss] loss_reg 0.7422 loss_cls 0.0048 loss_sal 6.4024 loss_saliency 2.9668 loss_label 0.1008 loss_l1 4.5110 loss_giou 0.5062 weighted_loss_overall 4.1712

2025-06-26 09:00:41,209 - __main__ - INFO - metrics_no_nms OrderedDict([   ('MR-full-R1@0.3', 67.45),
                ('MR-full-R1@0.5', 55.99),
                ('MR-full-R1@0.7', 38.47),
                ('MR-full-mAP', 40.64),
                ('MR-full-mAP@0.5', 64.59),
                ('MR-full-mAP@0.75', 41.13),
                ('MR-full-mIoU', 49.32),
                ('MR-long-mAP', 0.0),
                ('MR-middle-mAP', 39.33),
                ('MR-short-mAP', 40.99)])
2025-06-26 09:00:41,209 - __main__ - INFO - metrics_nms OrderedDict([   ('MR-full-R1@0.3', 67.58),
                ('MR-full-R1@0.5', 56.32),
                ('MR-full-R1@0.7', 38.63),
                ('MR-full-mAP', 42.52),
                ('MR-full-mAP@0.5', 69.67),
                ('MR-full-mAP@0.75', 43.3),
                ('MR-full-mIoU', 49.47),
                ('MR-long-mAP', 0.0),
                ('MR-middle-mAP', 41.45),
                ('MR-short-mAP', 42.8)])
2025-06-26 09:00:41,629 - __main__ - INFO - [Epoch 87]
2025-06-26 09:11:18,175 - __main__ - INFO - 2025_06_26_09_11_18 [Epoch] 087 [Loss] loss_reg 0.7400 loss_cls 0.0048 loss_sal 6.3903 loss_saliency 2.9649 loss_label 0.1010 loss_l1 4.4372 loss_giou 0.5023 weighted_loss_overall 4.1561

2025-06-26 09:14:37,552 - __main__ - INFO - metrics_no_nms OrderedDict([   ('MR-full-R1@0.3', 67.12),
                ('MR-full-R1@0.5', 56.42),
                ('MR-full-R1@0.7', 37.74),
                ('MR-full-mAP', 40.35),
                ('MR-full-mAP@0.5', 64.86),
                ('MR-full-mAP@0.75', 40.57),
                ('MR-full-mIoU', 49.22),
                ('MR-long-mAP', 0.0),
                ('MR-middle-mAP', 39.61),
                ('MR-short-mAP', 40.55)])
2025-06-26 09:14:37,553 - __main__ - INFO - metrics_nms OrderedDict([   ('MR-full-R1@0.3', 67.12),
                ('MR-full-R1@0.5', 56.48),
                ('MR-full-R1@0.7', 37.72),
                ('MR-full-mAP', 42.01),
                ('MR-full-mAP@0.5', 69.65),
                ('MR-full-mAP@0.75', 42.22),
                ('MR-full-mIoU', 49.17),
                ('MR-long-mAP', 0.0),
                ('MR-middle-mAP', 41.04),
                ('MR-short-mAP', 42.27)])
2025-06-26 09:14:38,010 - __main__ - INFO - [Epoch 88]
2025-06-26 09:25:14,636 - __main__ - INFO - 2025_06_26_09_25_14 [Epoch] 088 [Loss] loss_reg 0.7344 loss_cls 0.0048 loss_sal 6.3819 loss_saliency 2.9655 loss_label 0.1008 loss_l1 4.4643 loss_giou 0.5010 weighted_loss_overall 4.1521

2025-06-26 09:28:33,897 - __main__ - INFO - metrics_no_nms OrderedDict([   ('MR-full-R1@0.3', 67.5),
                ('MR-full-R1@0.5', 55.99),
                ('MR-full-R1@0.7', 37.28),
                ('MR-full-mAP', 40.52),
                ('MR-full-mAP@0.5', 64.75),
                ('MR-full-mAP@0.75', 40.8),
                ('MR-full-mIoU', 49.17),
                ('MR-long-mAP', 0.0),
                ('MR-middle-mAP', 40.8),
                ('MR-short-mAP', 40.45)])
2025-06-26 09:28:33,897 - __main__ - INFO - metrics_nms OrderedDict([   ('MR-full-R1@0.3', 67.66),
                ('MR-full-R1@0.5', 56.26),
                ('MR-full-R1@0.7', 37.45),
                ('MR-full-mAP', 42.17),
                ('MR-full-mAP@0.5', 69.62),
                ('MR-full-mAP@0.75', 42.81),
                ('MR-full-mIoU', 49.3),
                ('MR-long-mAP', 0.0),
                ('MR-middle-mAP', 42.37),
                ('MR-short-mAP', 42.12)])
2025-06-26 09:28:34,320 - __main__ - INFO - [Epoch 89]
2025-06-26 09:39:11,312 - __main__ - INFO - 2025_06_26_09_39_11 [Epoch] 089 [Loss] loss_reg 0.7341 loss_cls 0.0048 loss_sal 6.3865 loss_saliency 2.9650 loss_label 0.1006 loss_l1 4.3994 loss_giou 0.4966 weighted_loss_overall 4.1406

2025-06-26 09:42:30,277 - __main__ - INFO - metrics_no_nms OrderedDict([   ('MR-full-R1@0.3', 67.74),
                ('MR-full-R1@0.5', 56.85),
                ('MR-full-R1@0.7', 38.12),
                ('MR-full-mAP', 40.64),
                ('MR-full-mAP@0.5', 65.04),
                ('MR-full-mAP@0.75', 41.01),
                ('MR-full-mIoU', 49.56),
                ('MR-long-mAP', 0.0),
                ('MR-middle-mAP', 42.71),
                ('MR-short-mAP', 40.09)])
2025-06-26 09:42:30,277 - __main__ - INFO - metrics_nms OrderedDict([   ('MR-full-R1@0.3', 67.98),
                ('MR-full-R1@0.5', 56.94),
                ('MR-full-R1@0.7', 38.17),
                ('MR-full-mAP', 42.44),
                ('MR-full-mAP@0.5', 69.93),
                ('MR-full-mAP@0.75', 42.86),
                ('MR-full-mIoU', 49.62),
                ('MR-long-mAP', 0.0),
                ('MR-middle-mAP', 44.21),
                ('MR-short-mAP', 41.97)])
2025-06-26 09:42:30,700 - __main__ - INFO - [Epoch 90]
2025-06-26 09:53:06,133 - __main__ - INFO - 2025_06_26_09_53_06 [Epoch] 090 [Loss] loss_reg 0.7285 loss_cls 0.0048 loss_sal 6.3774 loss_saliency 2.9634 loss_label 0.1004 loss_l1 4.3993 loss_giou 0.4955 weighted_loss_overall 4.1323

2025-06-26 09:56:25,149 - __main__ - INFO - metrics_no_nms OrderedDict([   ('MR-full-R1@0.3', 67.37),
                ('MR-full-R1@0.5', 56.4),
                ('MR-full-R1@0.7', 37.72),
                ('MR-full-mAP', 40.34),
                ('MR-full-mAP@0.5', 64.37),
                ('MR-full-mAP@0.75', 41.22),
                ('MR-full-mIoU', 49.31),
                ('MR-long-mAP', 0.0),
                ('MR-middle-mAP', 39.72),
                ('MR-short-mAP', 40.51)])
2025-06-26 09:56:25,149 - __main__ - INFO - metrics_nms OrderedDict([   ('MR-full-R1@0.3', 66.94),
                ('MR-full-R1@0.5', 55.83),
                ('MR-full-R1@0.7', 37.07),
                ('MR-full-mAP', 41.98),
                ('MR-full-mAP@0.5', 69.11),
                ('MR-full-mAP@0.75', 42.98),
                ('MR-full-mIoU', 48.87),
                ('MR-long-mAP', 0.0),
                ('MR-middle-mAP', 41.43),
                ('MR-short-mAP', 42.13)])
2025-06-26 09:56:25,626 - __main__ - INFO - [Epoch 91]
2025-06-26 10:07:04,308 - __main__ - INFO - 2025_06_26_10_07_04 [Epoch] 091 [Loss] loss_reg 0.7291 loss_cls 0.0048 loss_sal 6.3769 loss_saliency 2.9635 loss_label 0.1002 loss_l1 4.4200 loss_giou 0.4959 weighted_loss_overall 4.1355

2025-06-26 10:10:23,756 - __main__ - INFO - metrics_no_nms OrderedDict([   ('MR-full-R1@0.3', 67.04),
                ('MR-full-R1@0.5', 55.78),
                ('MR-full-R1@0.7', 37.45),
                ('MR-full-mAP', 40.14),
                ('MR-full-mAP@0.5', 64.38),
                ('MR-full-mAP@0.75', 41.16),
                ('MR-full-mIoU', 48.85),
                ('MR-long-mAP', 0.0),
                ('MR-middle-mAP', 38.76),
                ('MR-short-mAP', 40.51)])
2025-06-26 10:10:23,756 - __main__ - INFO - metrics_nms OrderedDict([   ('MR-full-R1@0.3', 67.18),
                ('MR-full-R1@0.5', 56.13),
                ('MR-full-R1@0.7', 37.61),
                ('MR-full-mAP', 41.75),
                ('MR-full-mAP@0.5', 69.28),
                ('MR-full-mAP@0.75', 43.1),
                ('MR-full-mIoU', 49.04),
                ('MR-long-mAP', 0.0),
                ('MR-middle-mAP', 40.59),
                ('MR-short-mAP', 42.06)])
2025-06-26 10:10:24,183 - __main__ - INFO - [Epoch 92]
2025-06-26 10:21:01,141 - __main__ - INFO - 2025_06_26_10_21_01 [Epoch] 092 [Loss] loss_reg 0.7259 loss_cls 0.0048 loss_sal 6.3854 loss_saliency 2.9634 loss_label 0.1008 loss_l1 4.4932 loss_giou 0.5008 weighted_loss_overall 4.1446

2025-06-26 10:24:20,817 - __main__ - INFO - metrics_no_nms OrderedDict([   ('MR-full-R1@0.3', 67.34),
                ('MR-full-R1@0.5', 56.1),
                ('MR-full-R1@0.7', 37.88),
                ('MR-full-mAP', 40.62),
                ('MR-full-mAP@0.5', 64.85),
                ('MR-full-mAP@0.75', 40.78),
                ('MR-full-mIoU', 49.33),
                ('MR-long-mAP', 0.0),
                ('MR-middle-mAP', 40.94),
                ('MR-short-mAP', 40.53)])
2025-06-26 10:24:20,817 - __main__ - INFO - metrics_nms OrderedDict([   ('MR-full-R1@0.3', 67.45),
                ('MR-full-R1@0.5', 56.32),
                ('MR-full-R1@0.7', 37.88),
                ('MR-full-mAP', 42.14),
                ('MR-full-mAP@0.5', 69.52),
                ('MR-full-mAP@0.75', 42.24),
                ('MR-full-mIoU', 49.44),
                ('MR-long-mAP', 0.0),
                ('MR-middle-mAP', 42.36),
                ('MR-short-mAP', 42.09)])
2025-06-26 10:24:21,228 - __main__ - INFO - [Epoch 93]
2025-06-26 10:34:57,779 - __main__ - INFO - 2025_06_26_10_34_57 [Epoch] 093 [Loss] loss_reg 0.7148 loss_cls 0.0048 loss_sal 6.3708 loss_saliency 2.9634 loss_label 0.1002 loss_l1 4.4226 loss_giou 0.4935 weighted_loss_overall 4.1187

2025-06-26 10:38:17,156 - __main__ - INFO - metrics_no_nms OrderedDict([   ('MR-full-R1@0.3', 67.55),
                ('MR-full-R1@0.5', 56.45),
                ('MR-full-R1@0.7', 37.96),
                ('MR-full-mAP', 40.7),
                ('MR-full-mAP@0.5', 64.86),
                ('MR-full-mAP@0.75', 41.03),
                ('MR-full-mIoU', 49.48),
                ('MR-long-mAP', 0.0),
                ('MR-middle-mAP', 41.25),
                ('MR-short-mAP', 40.56)])
2025-06-26 10:38:17,156 - __main__ - INFO - metrics_nms OrderedDict([   ('MR-full-R1@0.3', 67.47),
                ('MR-full-R1@0.5', 56.45),
                ('MR-full-R1@0.7', 38.04),
                ('MR-full-mAP', 42.42),
                ('MR-full-mAP@0.5', 69.67),
                ('MR-full-mAP@0.75', 42.85),
                ('MR-full-mIoU', 49.43),
                ('MR-long-mAP', 0.0),
                ('MR-middle-mAP', 42.87),
                ('MR-short-mAP', 42.3)])
2025-06-26 10:38:17,579 - __main__ - INFO - [Epoch 94]
2025-06-26 10:48:53,956 - __main__ - INFO - 2025_06_26_10_48_53 [Epoch] 094 [Loss] loss_reg 0.7112 loss_cls 0.0047 loss_sal 6.3771 loss_saliency 2.9585 loss_label 0.0998 loss_l1 4.3915 loss_giou 0.4931 weighted_loss_overall 4.1076

2025-06-26 10:52:13,748 - __main__ - INFO - metrics_no_nms OrderedDict([   ('MR-full-R1@0.3', 66.51),
                ('MR-full-R1@0.5', 55.81),
                ('MR-full-R1@0.7', 37.82),
                ('MR-full-mAP', 40.39),
                ('MR-full-mAP@0.5', 64.62),
                ('MR-full-mAP@0.75', 40.78),
                ('MR-full-mIoU', 48.79),
                ('MR-long-mAP', 0.0),
                ('MR-middle-mAP', 37.61),
                ('MR-short-mAP', 41.14)])
2025-06-26 10:52:13,748 - __main__ - INFO - metrics_nms OrderedDict([   ('MR-full-R1@0.3', 66.45),
                ('MR-full-R1@0.5', 55.81),
                ('MR-full-R1@0.7', 37.82),
                ('MR-full-mAP', 42.0),
                ('MR-full-mAP@0.5', 69.38),
                ('MR-full-mAP@0.75', 42.6),
                ('MR-full-mIoU', 48.74),
                ('MR-long-mAP', 0.0),
                ('MR-middle-mAP', 39.31),
                ('MR-short-mAP', 42.72)])
2025-06-26 10:52:14,171 - __main__ - INFO - [Epoch 95]
2025-06-26 11:02:52,962 - __main__ - INFO - 2025_06_26_11_02_52 [Epoch] 095 [Loss] loss_reg 0.7073 loss_cls 0.0047 loss_sal 6.3698 loss_saliency 2.9547 loss_label 0.1001 loss_l1 4.3630 loss_giou 0.4910 weighted_loss_overall 4.0957

2025-06-26 11:06:12,594 - __main__ - INFO - metrics_no_nms OrderedDict([   ('MR-full-R1@0.3', 66.26),
                ('MR-full-R1@0.5', 55.3),
                ('MR-full-R1@0.7', 37.66),
                ('MR-full-mAP', 40.35),
                ('MR-full-mAP@0.5', 64.36),
                ('MR-full-mAP@0.75', 40.91),
                ('MR-full-mIoU', 48.62),
                ('MR-long-mAP', 0.0),
                ('MR-middle-mAP', 37.61),
                ('MR-short-mAP', 41.09)])
2025-06-26 11:06:12,594 - __main__ - INFO - metrics_nms OrderedDict([   ('MR-full-R1@0.3', 66.59),
                ('MR-full-R1@0.5', 55.56),
                ('MR-full-R1@0.7', 37.77),
                ('MR-full-mAP', 41.9),
                ('MR-full-mAP@0.5', 69.01),
                ('MR-full-mAP@0.75', 42.72),
                ('MR-full-mIoU', 48.81),
                ('MR-long-mAP', 0.0),
                ('MR-middle-mAP', 39.15),
                ('MR-short-mAP', 42.64)])
2025-06-26 11:06:13,034 - __main__ - INFO - [Epoch 96]
2025-06-26 11:16:52,047 - __main__ - INFO - 2025_06_26_11_16_52 [Epoch] 096 [Loss] loss_reg 0.7060 loss_cls 0.0047 loss_sal 6.3730 loss_saliency 2.9559 loss_label 0.0995 loss_l1 4.3179 loss_giou 0.4861 weighted_loss_overall 4.0858

2025-06-26 11:20:11,786 - __main__ - INFO - metrics_no_nms OrderedDict([   ('MR-full-R1@0.3', 67.15),
                ('MR-full-R1@0.5', 56.8),
                ('MR-full-R1@0.7', 38.31),
                ('MR-full-mAP', 40.35),
                ('MR-full-mAP@0.5', 65.18),
                ('MR-full-mAP@0.75', 40.63),
                ('MR-full-mIoU', 49.24),
                ('MR-long-mAP', 0.0),
                ('MR-middle-mAP', 38.66),
                ('MR-short-mAP', 40.8)])
2025-06-26 11:20:11,786 - __main__ - INFO - metrics_nms OrderedDict([   ('MR-full-R1@0.3', 67.04),
                ('MR-full-R1@0.5', 56.67),
                ('MR-full-R1@0.7', 38.04),
                ('MR-full-mAP', 42.01),
                ('MR-full-mAP@0.5', 69.95),
                ('MR-full-mAP@0.75', 42.32),
                ('MR-full-mIoU', 49.05),
                ('MR-long-mAP', 0.0),
                ('MR-middle-mAP', 40.54),
                ('MR-short-mAP', 42.4)])
2025-06-26 11:20:12,235 - __main__ - INFO - [Epoch 97]
2025-06-26 11:30:50,764 - __main__ - INFO - 2025_06_26_11_30_50 [Epoch] 097 [Loss] loss_reg 0.7040 loss_cls 0.0047 loss_sal 6.3675 loss_saliency 2.9547 loss_label 0.0993 loss_l1 4.3037 loss_giou 0.4850 weighted_loss_overall 4.0802

2025-06-26 11:34:10,481 - __main__ - INFO - metrics_no_nms OrderedDict([   ('MR-full-R1@0.3', 67.12),
                ('MR-full-R1@0.5', 56.48),
                ('MR-full-R1@0.7', 38.01),
                ('MR-full-mAP', 40.37),
                ('MR-full-mAP@0.5', 64.95),
                ('MR-full-mAP@0.75', 40.88),
                ('MR-full-mIoU', 49.13),
                ('MR-long-mAP', 0.0),
                ('MR-middle-mAP', 39.4),
                ('MR-short-mAP', 40.63)])
2025-06-26 11:34:10,481 - __main__ - INFO - metrics_nms OrderedDict([   ('MR-full-R1@0.3', 67.2),
                ('MR-full-R1@0.5', 56.48),
                ('MR-full-R1@0.7', 37.93),
                ('MR-full-mAP', 41.94),
                ('MR-full-mAP@0.5', 69.68),
                ('MR-full-mAP@0.75', 42.51),
                ('MR-full-mIoU', 49.16),
                ('MR-long-mAP', 0.0),
                ('MR-middle-mAP', 40.84),
                ('MR-short-mAP', 42.24)])
2025-06-26 11:34:10,912 - __main__ - INFO - [Epoch 98]
2025-06-26 11:44:49,694 - __main__ - INFO - 2025_06_26_11_44_49 [Epoch] 098 [Loss] loss_reg 0.7002 loss_cls 0.0047 loss_sal 6.3620 loss_saliency 2.9531 loss_label 0.0990 loss_l1 4.3075 loss_giou 0.4835 weighted_loss_overall 4.0739

2025-06-26 11:48:09,101 - __main__ - INFO - metrics_no_nms OrderedDict([   ('MR-full-R1@0.3', 67.12),
                ('MR-full-R1@0.5', 56.34),
                ('MR-full-R1@0.7', 38.55),
                ('MR-full-mAP', 40.62),
                ('MR-full-mAP@0.5', 64.78),
                ('MR-full-mAP@0.75', 41.17),
                ('MR-full-mIoU', 49.4),
                ('MR-long-mAP', 0.0),
                ('MR-middle-mAP', 40.82),
                ('MR-short-mAP', 40.56)])
2025-06-26 11:48:09,102 - __main__ - INFO - metrics_nms OrderedDict([   ('MR-full-R1@0.3', 67.1),
                ('MR-full-R1@0.5', 56.02),
                ('MR-full-R1@0.7', 38.31),
                ('MR-full-mAP', 42.3),
                ('MR-full-mAP@0.5', 69.51),
                ('MR-full-mAP@0.75', 42.97),
                ('MR-full-mIoU', 49.23),
                ('MR-long-mAP', 0.0),
                ('MR-middle-mAP', 42.63),
                ('MR-short-mAP', 42.21)])
2025-06-26 11:48:09,537 - __main__ - INFO - [Epoch 99]
2025-06-26 11:58:49,056 - __main__ - INFO - 2025_06_26_11_58_49 [Epoch] 099 [Loss] loss_reg 0.7004 loss_cls 0.0047 loss_sal 6.3705 loss_saliency 2.9477 loss_label 0.0990 loss_l1 4.3359 loss_giou 0.4879 weighted_loss_overall 4.0771

2025-06-26 12:02:08,807 - __main__ - INFO - metrics_no_nms OrderedDict([   ('MR-full-R1@0.3', 67.02),
                ('MR-full-R1@0.5', 56.1),
                ('MR-full-R1@0.7', 38.25),
                ('MR-full-mAP', 40.59),
                ('MR-full-mAP@0.5', 64.79),
                ('MR-full-mAP@0.75', 40.93),
                ('MR-full-mIoU', 49.19),
                ('MR-long-mAP', 0.0),
                ('MR-middle-mAP', 39.78),
                ('MR-short-mAP', 40.8)])
2025-06-26 12:02:08,808 - __main__ - INFO - metrics_nms OrderedDict([   ('MR-full-R1@0.3', 67.07),
                ('MR-full-R1@0.5', 56.16),
                ('MR-full-R1@0.7', 38.15),
                ('MR-full-mAP', 42.34),
                ('MR-full-mAP@0.5', 69.63),
                ('MR-full-mAP@0.75', 42.87),
                ('MR-full-mIoU', 49.2),
                ('MR-long-mAP', 0.0),
                ('MR-middle-mAP', 41.7),
                ('MR-short-mAP', 42.52)])
2025-06-26 12:02:09,222 - __main__ - INFO - [Epoch 100]
2025-06-26 12:12:48,032 - __main__ - INFO - 2025_06_26_12_12_48 [Epoch] 100 [Loss] loss_reg 0.6991 loss_cls 0.0047 loss_sal 6.3762 loss_saliency 2.9584 loss_label 0.0999 loss_l1 4.3152 loss_giou 0.4837 weighted_loss_overall 4.0782

2025-06-26 12:16:07,968 - __main__ - INFO - metrics_no_nms OrderedDict([   ('MR-full-R1@0.3', 66.91),
                ('MR-full-R1@0.5', 55.56),
                ('MR-full-R1@0.7', 37.96),
                ('MR-full-mAP', 40.19),
                ('MR-full-mAP@0.5', 64.57),
                ('MR-full-mAP@0.75', 40.67),
                ('MR-full-mIoU', 48.95),
                ('MR-long-mAP', 0.0),
                ('MR-middle-mAP', 37.88),
                ('MR-short-mAP', 40.81)])
2025-06-26 12:16:07,969 - __main__ - INFO - metrics_nms OrderedDict([   ('MR-full-R1@0.3', 66.91),
                ('MR-full-R1@0.5', 55.46),
                ('MR-full-R1@0.7', 37.66),
                ('MR-full-mAP', 41.84),
                ('MR-full-mAP@0.5', 69.27),
                ('MR-full-mAP@0.75', 42.41),
                ('MR-full-mIoU', 48.84),
                ('MR-long-mAP', 0.0),
                ('MR-middle-mAP', 39.68),
                ('MR-short-mAP', 42.42)])
2025-06-26 12:16:08,396 - __main__ - INFO - [Epoch 101]
2025-06-26 12:26:46,637 - __main__ - INFO - 2025_06_26_12_26_46 [Epoch] 101 [Loss] loss_reg 0.6967 loss_cls 0.0047 loss_sal 6.3559 loss_saliency 2.9536 loss_label 0.0992 loss_l1 4.3618 loss_giou 0.4890 weighted_loss_overall 4.0817

2025-06-26 12:30:06,586 - __main__ - INFO - metrics_no_nms OrderedDict([   ('MR-full-R1@0.3', 67.26),
                ('MR-full-R1@0.5', 56.51),
                ('MR-full-R1@0.7', 38.39),
                ('MR-full-mAP', 40.56),
                ('MR-full-mAP@0.5', 64.74),
                ('MR-full-mAP@0.75', 41.23),
                ('MR-full-mIoU', 49.33),
                ('MR-long-mAP', 0.0),
                ('MR-middle-mAP', 38.73),
                ('MR-short-mAP', 41.05)])
2025-06-26 12:30:06,586 - __main__ - INFO - metrics_nms OrderedDict([   ('MR-full-R1@0.3', 66.72),
                ('MR-full-R1@0.5', 55.99),
                ('MR-full-R1@0.7', 38.04),
                ('MR-full-mAP', 42.19),
                ('MR-full-mAP@0.5', 69.44),
                ('MR-full-mAP@0.75', 43.04),
                ('MR-full-mIoU', 48.95),
                ('MR-long-mAP', 0.0),
                ('MR-middle-mAP', 40.53),
                ('MR-short-mAP', 42.64)])
2025-06-26 12:30:07,017 - __main__ - INFO - [Epoch 102]
2025-06-26 12:40:45,022 - __main__ - INFO - 2025_06_26_12_40_45 [Epoch] 102 [Loss] loss_reg 0.6971 loss_cls 0.0047 loss_sal 6.3717 loss_saliency 2.9516 loss_label 0.0991 loss_l1 4.2201 loss_giou 0.4787 weighted_loss_overall 4.0560

2025-06-26 12:44:04,634 - __main__ - INFO - metrics_no_nms OrderedDict([   ('MR-full-R1@0.3', 67.07),
                ('MR-full-R1@0.5', 56.48),
                ('MR-full-R1@0.7', 38.06),
                ('MR-full-mAP', 40.69),
                ('MR-full-mAP@0.5', 65.08),
                ('MR-full-mAP@0.75', 41.05),
                ('MR-full-mIoU', 49.28),
                ('MR-long-mAP', 0.0),
                ('MR-middle-mAP', 41.43),
                ('MR-short-mAP', 40.48)])
2025-06-26 12:44:04,635 - __main__ - INFO - metrics_nms OrderedDict([   ('MR-full-R1@0.3', 66.85),
                ('MR-full-R1@0.5', 56.37),
                ('MR-full-R1@0.7', 37.9),
                ('MR-full-mAP', 42.25),
                ('MR-full-mAP@0.5', 69.68),
                ('MR-full-mAP@0.75', 42.76),
                ('MR-full-mIoU', 49.14),
                ('MR-long-mAP', 0.0),
                ('MR-middle-mAP', 43.06),
                ('MR-short-mAP', 42.04)])
2025-06-26 12:44:05,100 - __main__ - INFO - [Epoch 103]
2025-06-26 12:54:42,123 - __main__ - INFO - 2025_06_26_12_54_42 [Epoch] 103 [Loss] loss_reg 0.6964 loss_cls 0.0046 loss_sal 6.3687 loss_saliency 2.9533 loss_label 0.0991 loss_l1 4.2947 loss_giou 0.4831 weighted_loss_overall 4.0684

2025-06-26 12:58:01,527 - __main__ - INFO - metrics_no_nms OrderedDict([   ('MR-full-R1@0.3', 67.18),
                ('MR-full-R1@0.5', 56.69),
                ('MR-full-R1@0.7', 38.2),
                ('MR-full-mAP', 40.29),
                ('MR-full-mAP@0.5', 65.01),
                ('MR-full-mAP@0.75', 40.78),
                ('MR-full-mIoU', 49.06),
                ('MR-long-mAP', 0.0),
                ('MR-middle-mAP', 38.21),
                ('MR-short-mAP', 40.85)])
2025-06-26 12:58:01,527 - __main__ - INFO - metrics_nms OrderedDict([   ('MR-full-R1@0.3', 67.18),
                ('MR-full-R1@0.5', 56.64),
                ('MR-full-R1@0.7', 37.98),
                ('MR-full-mAP', 41.9),
                ('MR-full-mAP@0.5', 69.74),
                ('MR-full-mAP@0.75', 42.42),
                ('MR-full-mIoU', 49.01),
                ('MR-long-mAP', 0.0),
                ('MR-middle-mAP', 39.85),
                ('MR-short-mAP', 42.46)])
2025-06-26 12:58:01,988 - __main__ - INFO - [Epoch 104]
2025-06-26 13:08:40,916 - __main__ - INFO - 2025_06_26_13_08_40 [Epoch] 104 [Loss] loss_reg 0.6918 loss_cls 0.0046 loss_sal 6.3678 loss_saliency 2.9487 loss_label 0.0983 loss_l1 4.2324 loss_giou 0.4792 weighted_loss_overall 4.0500

2025-06-26 13:12:00,598 - __main__ - INFO - metrics_no_nms OrderedDict([   ('MR-full-R1@0.3', 66.96),
                ('MR-full-R1@0.5', 56.02),
                ('MR-full-R1@0.7', 37.9),
                ('MR-full-mAP', 40.3),
                ('MR-full-mAP@0.5', 64.72),
                ('MR-full-mAP@0.75', 40.62),
                ('MR-full-mIoU', 48.9),
                ('MR-long-mAP', 0.0),
                ('MR-middle-mAP', 39.17),
                ('MR-short-mAP', 40.6)])
2025-06-26 13:12:00,598 - __main__ - INFO - metrics_nms OrderedDict([   ('MR-full-R1@0.3', 66.83),
                ('MR-full-R1@0.5', 55.99),
                ('MR-full-R1@0.7', 37.72),
                ('MR-full-mAP', 41.97),
                ('MR-full-mAP@0.5', 69.41),
                ('MR-full-mAP@0.75', 42.35),
                ('MR-full-mIoU', 48.81),
                ('MR-long-mAP', 0.0),
                ('MR-middle-mAP', 40.87),
                ('MR-short-mAP', 42.26)])
2025-06-26 13:12:01,029 - __main__ - INFO - [Epoch 105]
2025-06-26 13:22:39,538 - __main__ - INFO - 2025_06_26_13_22_39 [Epoch] 105 [Loss] loss_reg 0.6929 loss_cls 0.0046 loss_sal 6.3531 loss_saliency 2.9493 loss_label 0.0989 loss_l1 4.2981 loss_giou 0.4842 weighted_loss_overall 4.0629

2025-06-26 13:25:59,322 - __main__ - INFO - metrics_no_nms OrderedDict([   ('MR-full-R1@0.3', 67.02),
                ('MR-full-R1@0.5', 55.97),
                ('MR-full-R1@0.7', 38.23),
                ('MR-full-mAP', 40.33),
                ('MR-full-mAP@0.5', 64.44),
                ('MR-full-mAP@0.75', 40.98),
                ('MR-full-mIoU', 49.04),
                ('MR-long-mAP', 0.0),
                ('MR-middle-mAP', 39.78),
                ('MR-short-mAP', 40.48)])
2025-06-26 13:25:59,322 - __main__ - INFO - metrics_nms OrderedDict([   ('MR-full-R1@0.3', 66.77),
                ('MR-full-R1@0.5', 55.54),
                ('MR-full-R1@0.7', 38.15),
                ('MR-full-mAP', 42.04),
                ('MR-full-mAP@0.5', 69.13),
                ('MR-full-mAP@0.75', 42.73),
                ('MR-full-mIoU', 48.83),
                ('MR-long-mAP', 0.0),
                ('MR-middle-mAP', 41.53),
                ('MR-short-mAP', 42.18)])
2025-06-26 13:25:59,720 - __main__ - INFO - [Epoch 106]
2025-06-26 13:36:37,219 - __main__ - INFO - 2025_06_26_13_36_37 [Epoch] 106 [Loss] loss_reg 0.6881 loss_cls 0.0046 loss_sal 6.3717 loss_saliency 2.9517 loss_label 0.0994 loss_l1 4.2818 loss_giou 0.4808 weighted_loss_overall 4.0554

2025-06-26 13:39:57,417 - __main__ - INFO - metrics_no_nms OrderedDict([   ('MR-full-R1@0.3', 66.37),
                ('MR-full-R1@0.5', 55.46),
                ('MR-full-R1@0.7', 38.17),
                ('MR-full-mAP', 40.59),
                ('MR-full-mAP@0.5', 64.6),
                ('MR-full-mAP@0.75', 41.05),
                ('MR-full-mIoU', 48.78),
                ('MR-long-mAP', 0.0),
                ('MR-middle-mAP', 40.3),
                ('MR-short-mAP', 40.67)])
2025-06-26 13:39:57,417 - __main__ - INFO - metrics_nms OrderedDict([   ('MR-full-R1@0.3', 66.85),
                ('MR-full-R1@0.5', 55.7),
                ('MR-full-R1@0.7', 38.28),
                ('MR-full-mAP', 42.22),
                ('MR-full-mAP@0.5', 69.3),
                ('MR-full-mAP@0.75', 42.92),
                ('MR-full-mIoU', 49.02),
                ('MR-long-mAP', 0.0),
                ('MR-middle-mAP', 42.04),
                ('MR-short-mAP', 42.26)])
2025-06-26 13:39:57,855 - __main__ - INFO - [Epoch 107]
2025-06-26 13:50:35,744 - __main__ - INFO - 2025_06_26_13_50_35 [Epoch] 107 [Loss] loss_reg 0.6881 loss_cls 0.0046 loss_sal 6.3637 loss_saliency 2.9493 loss_label 0.0986 loss_l1 4.3084 loss_giou 0.4836 weighted_loss_overall 4.0585

2025-06-26 13:54:00,060 - __main__ - INFO - metrics_no_nms OrderedDict([   ('MR-full-R1@0.3', 67.37),
                ('MR-full-R1@0.5', 56.02),
                ('MR-full-R1@0.7', 37.55),
                ('MR-full-mAP', 40.1),
                ('MR-full-mAP@0.5', 64.68),
                ('MR-full-mAP@0.75', 40.35),
                ('MR-full-mIoU', 49.01),
                ('MR-long-mAP', 0.0),
                ('MR-middle-mAP', 39.13),
                ('MR-short-mAP', 40.36)])
2025-06-26 13:54:00,060 - __main__ - INFO - metrics_nms OrderedDict([   ('MR-full-R1@0.3', 67.18),
                ('MR-full-R1@0.5', 55.83),
                ('MR-full-R1@0.7', 37.53),
                ('MR-full-mAP', 41.68),
                ('MR-full-mAP@0.5', 69.27),
                ('MR-full-mAP@0.75', 41.87),
                ('MR-full-mIoU', 48.88),
                ('MR-long-mAP', 0.0),
                ('MR-middle-mAP', 40.65),
                ('MR-short-mAP', 41.95)])
2025-06-26 13:54:00,502 - __main__ - INFO - [Epoch 108]
2025-06-26 14:04:48,288 - __main__ - INFO - 2025_06_26_14_04_48 [Epoch] 108 [Loss] loss_reg 0.6896 loss_cls 0.0046 loss_sal 6.3591 loss_saliency 2.9587 loss_label 0.0993 loss_l1 4.2352 loss_giou 0.4767 weighted_loss_overall 4.0533

2025-06-26 14:08:11,297 - __main__ - INFO - metrics_no_nms OrderedDict([   ('MR-full-R1@0.3', 66.77),
                ('MR-full-R1@0.5', 56.05),
                ('MR-full-R1@0.7', 37.58),
                ('MR-full-mAP', 40.35),
                ('MR-full-mAP@0.5', 64.82),
                ('MR-full-mAP@0.75', 40.66),
                ('MR-full-mIoU', 48.88),
                ('MR-long-mAP', 0.0),
                ('MR-middle-mAP', 40.17),
                ('MR-short-mAP', 40.4)])
2025-06-26 14:08:11,298 - __main__ - INFO - metrics_nms OrderedDict([   ('MR-full-R1@0.3', 66.8),
                ('MR-full-R1@0.5', 56.08),
                ('MR-full-R1@0.7', 37.61),
                ('MR-full-mAP', 41.96),
                ('MR-full-mAP@0.5', 69.63),
                ('MR-full-mAP@0.75', 42.46),
                ('MR-full-mIoU', 48.9),
                ('MR-long-mAP', 0.0),
                ('MR-middle-mAP', 42.04),
                ('MR-short-mAP', 41.94)])
2025-06-26 14:08:11,732 - __main__ - INFO - [Epoch 109]
2025-06-26 14:19:02,307 - __main__ - INFO - 2025_06_26_14_19_02 [Epoch] 109 [Loss] loss_reg 0.6867 loss_cls 0.0046 loss_sal 6.3721 loss_saliency 2.9504 loss_label 0.0994 loss_l1 4.2984 loss_giou 0.4816 weighted_loss_overall 4.0552

2025-06-26 14:22:24,919 - __main__ - INFO - metrics_no_nms OrderedDict([   ('MR-full-R1@0.3', 67.04),
                ('MR-full-R1@0.5', 55.7),
                ('MR-full-R1@0.7', 37.72),
                ('MR-full-mAP', 40.31),
                ('MR-full-mAP@0.5', 64.71),
                ('MR-full-mAP@0.75', 40.64),
                ('MR-full-mIoU', 48.84),
                ('MR-long-mAP', 0.0),
                ('MR-middle-mAP', 39.31),
                ('MR-short-mAP', 40.58)])
2025-06-26 14:22:24,920 - __main__ - INFO - metrics_nms OrderedDict([   ('MR-full-R1@0.3', 67.15),
                ('MR-full-R1@0.5', 55.81),
                ('MR-full-R1@0.7', 37.85),
                ('MR-full-mAP', 41.84),
                ('MR-full-mAP@0.5', 69.34),
                ('MR-full-mAP@0.75', 42.2),
                ('MR-full-mIoU', 48.9),
                ('MR-long-mAP', 0.0),
                ('MR-middle-mAP', 40.73),
                ('MR-short-mAP', 42.13)])
2025-06-26 14:22:25,353 - __main__ - INFO - [Epoch 110]
2025-06-26 14:33:15,281 - __main__ - INFO - 2025_06_26_14_33_15 [Epoch] 110 [Loss] loss_reg 0.6830 loss_cls 0.0046 loss_sal 6.3723 loss_saliency 2.9497 loss_label 0.0994 loss_l1 4.3164 loss_giou 0.4806 weighted_loss_overall 4.0517

2025-06-26 14:36:39,308 - __main__ - INFO - metrics_no_nms OrderedDict([   ('MR-full-R1@0.3', 66.51),
                ('MR-full-R1@0.5', 55.56),
                ('MR-full-R1@0.7', 37.42),
                ('MR-full-mAP', 40.03),
                ('MR-full-mAP@0.5', 64.5),
                ('MR-full-mAP@0.75', 40.51),
                ('MR-full-mIoU', 48.53),
                ('MR-long-mAP', 0.0),
                ('MR-middle-mAP', 38.27),
                ('MR-short-mAP', 40.5)])
2025-06-26 14:36:39,309 - __main__ - INFO - metrics_nms OrderedDict([   ('MR-full-R1@0.3', 66.59),
                ('MR-full-R1@0.5', 55.54),
                ('MR-full-R1@0.7', 37.5),
                ('MR-full-mAP', 41.7),
                ('MR-full-mAP@0.5', 69.24),
                ('MR-full-mAP@0.75', 42.17),
                ('MR-full-mIoU', 48.61),
                ('MR-long-mAP', 0.0),
                ('MR-middle-mAP', 39.94),
                ('MR-short-mAP', 42.18)])
2025-06-26 14:36:39,743 - __main__ - INFO - [Epoch 111]
2025-06-26 14:47:27,317 - __main__ - INFO - 2025_06_26_14_47_27 [Epoch] 111 [Loss] loss_reg 0.6794 loss_cls 0.0046 loss_sal 6.3560 loss_saliency 2.9540 loss_label 0.0988 loss_l1 4.2268 loss_giou 0.4755 weighted_loss_overall 4.0371

2025-06-26 14:50:51,220 - __main__ - INFO - metrics_no_nms OrderedDict([   ('MR-full-R1@0.3', 66.72),
                ('MR-full-R1@0.5', 55.24),
                ('MR-full-R1@0.7', 38.23),
                ('MR-full-mAP', 40.57),
                ('MR-full-mAP@0.5', 64.32),
                ('MR-full-mAP@0.75', 41.42),
                ('MR-full-mIoU', 48.85),
                ('MR-long-mAP', 0.0),
                ('MR-middle-mAP', 40.21),
                ('MR-short-mAP', 40.67)])
2025-06-26 14:50:51,220 - __main__ - INFO - metrics_nms OrderedDict([   ('MR-full-R1@0.3', 66.99),
                ('MR-full-R1@0.5', 55.46),
                ('MR-full-R1@0.7', 38.39),
                ('MR-full-mAP', 42.06),
                ('MR-full-mAP@0.5', 68.95),
                ('MR-full-mAP@0.75', 42.99),
                ('MR-full-mIoU', 48.96),
                ('MR-long-mAP', 0.0),
                ('MR-middle-mAP', 41.63),
                ('MR-short-mAP', 42.18)])
2025-06-26 14:50:51,673 - __main__ - INFO - [Epoch 112]
2025-06-26 15:01:41,870 - __main__ - INFO - 2025_06_26_15_01_41 [Epoch] 112 [Loss] loss_reg 0.6805 loss_cls 0.0046 loss_sal 6.3713 loss_saliency 2.9525 loss_label 0.0992 loss_l1 4.2878 loss_giou 0.4777 weighted_loss_overall 4.0455

2025-06-26 15:05:06,706 - __main__ - INFO - metrics_no_nms OrderedDict([   ('MR-full-R1@0.3', 66.64),
                ('MR-full-R1@0.5', 55.54),
                ('MR-full-R1@0.7', 37.66),
                ('MR-full-mAP', 40.26),
                ('MR-full-mAP@0.5', 64.6),
                ('MR-full-mAP@0.75', 40.84),
                ('MR-full-mIoU', 48.72),
                ('MR-long-mAP', 0.0),
                ('MR-middle-mAP', 39.07),
                ('MR-short-mAP', 40.58)])
2025-06-26 15:05:06,706 - __main__ - INFO - metrics_nms OrderedDict([   ('MR-full-R1@0.3', 66.53),
                ('MR-full-R1@0.5', 55.43),
                ('MR-full-R1@0.7', 37.61),
                ('MR-full-mAP', 41.82),
                ('MR-full-mAP@0.5', 69.22),
                ('MR-full-mAP@0.75', 42.51),
                ('MR-full-mIoU', 48.68),
                ('MR-long-mAP', 0.0),
                ('MR-middle-mAP', 40.59),
                ('MR-short-mAP', 42.16)])
2025-06-26 15:05:06,708 - __main__ - INFO - 
>>>>> Early stop at epoch 111  48.04

2025-06-26 15:05:06,915 - __main__ - INFO - 


FINISHED TRAINING!!!
2025-06-26 15:05:06,917 - __main__ - INFO - Evaluating model at results_charades_VGG/charadesSTA-video_tef-demo-2025-06-25-22-39-31/model_best.ckpt
2025-06-26 15:05:07,024 - __main__ - INFO - Input args ['data/MR.py', '--resume', 'results_charades_VGG/charadesSTA-video_tef-demo-2025-06-25-22-39-31/model_best.ckpt', '--eval_split_name', 'val', '--eval_path', '/users/40448930/ji_code/FlashVTG/data/charades_sta/charades_sta_test_tvr_format.jsonl']
